TN:
SF:src\backend-server.js
FN:84,(anonymous_0)
FN:95,(anonymous_1)
FN:115,initializeSocketServices
FN:144,(anonymous_3)
FN:145,(anonymous_4)
FN:173,(anonymous_5)
FN:184,(anonymous_6)
FN:201,(anonymous_7)
FN:205,(anonymous_8)
FN:209,(anonymous_9)
FN:213,(anonymous_10)
FN:231,startServerBackend
FN:256,(anonymous_12)
FN:260,(anonymous_13)
FN:261,(anonymous_14)
FN:269,(anonymous_15)
FN:307,(anonymous_16)
FN:319,gracefulShutdown
FN:321,(anonymous_18)
FN:327,(anonymous_19)
FNF:20
FNH:0
FNDA:0,(anonymous_0)
FNDA:0,(anonymous_1)
FNDA:0,initializeSocketServices
FNDA:0,(anonymous_3)
FNDA:0,(anonymous_4)
FNDA:0,(anonymous_5)
FNDA:0,(anonymous_6)
FNDA:0,(anonymous_7)
FNDA:0,(anonymous_8)
FNDA:0,(anonymous_9)
FNDA:0,(anonymous_10)
FNDA:0,startServerBackend
FNDA:0,(anonymous_12)
FNDA:0,(anonymous_13)
FNDA:0,(anonymous_14)
FNDA:0,(anonymous_15)
FNDA:0,(anonymous_16)
FNDA:0,gracefulShutdown
FNDA:0,(anonymous_18)
FNDA:0,(anonymous_19)
DA:29,0
DA:30,0
DA:33,0
DA:34,0
DA:35,0
DA:38,0
DA:39,0
DA:40,0
DA:42,0
DA:46,0
DA:49,0
DA:68,0
DA:71,0
DA:78,0
DA:80,0
DA:83,0
DA:84,0
DA:85,0
DA:95,0
DA:96,0
DA:97,0
DA:98,0
DA:102,0
DA:103,0
DA:104,0
DA:105,0
DA:106,0
DA:107,0
DA:108,0
DA:109,0
DA:110,0
DA:111,0
DA:112,0
DA:116,0
DA:118,0
DA:121,0
DA:136,0
DA:138,0
DA:140,0
DA:141,0
DA:144,0
DA:145,0
DA:146,0
DA:149,0
DA:150,0
DA:152,0
DA:153,0
DA:154,0
DA:155,0
DA:158,0
DA:163,0
DA:164,0
DA:165,0
DA:167,0
DA:168,0
DA:169,0
DA:173,0
DA:174,0
DA:176,0
DA:179,0
DA:180,0
DA:183,0
DA:184,0
DA:185,0
DA:190,0
DA:191,0
DA:192,0
DA:194,0
DA:195,0
DA:196,0
DA:201,0
DA:202,0
DA:205,0
DA:206,0
DA:209,0
DA:210,0
DA:213,0
DA:214,0
DA:216,0
DA:217,0
DA:218,0
DA:219,0
DA:220,0
DA:226,0
DA:227,0
DA:232,0
DA:233,0
DA:234,0
DA:236,0
DA:237,0
DA:238,0
DA:243,0
DA:244,0
DA:245,0
DA:247,0
DA:251,0
DA:254,0
DA:255,0
DA:256,0
DA:257,0
DA:258,0
DA:260,0
DA:261,0
DA:263,0
DA:269,0
DA:270,0
DA:272,0
DA:274,0
DA:276,0
DA:277,0
DA:278,0
DA:283,0
DA:284,0
DA:287,0
DA:288,0
DA:289,0
DA:292,0
DA:297,0
DA:300,0
DA:307,0
DA:308,0
DA:309,0
DA:310,0
DA:311,0
DA:316,0
DA:317,0
DA:320,0
DA:321,0
DA:322,0
DA:323,0
DA:327,0
DA:328,0
DA:329,0
LF:133
LH:0
BRDA:38,0,0,0
BRDA:38,0,1,0
BRDA:73,1,0,0
BRDA:73,1,1,0
BRDA:78,2,0,0
BRDA:78,2,1,0
BRDA:83,3,0,0
BRDA:83,3,1,0
BRDA:102,4,0,0
BRDA:102,4,1,0
BRDA:152,5,0,0
BRDA:152,5,1,0
BRDA:152,6,0,0
BRDA:152,6,1,0
BRDA:160,7,0,0
BRDA:160,7,1,0
BRDA:174,8,0,0
BRDA:174,8,1,0
BRDA:183,9,0,0
BRDA:183,9,1,0
BRDA:183,10,0,0
BRDA:183,10,1,0
BRDA:190,11,0,0
BRDA:190,11,1,0
BRDA:194,12,0,0
BRDA:194,12,1,0
BRDA:194,13,0,0
BRDA:194,13,1,0
BRDA:216,14,0,0
BRDA:216,14,1,0
BRDA:218,15,0,0
BRDA:218,15,1,0
BRDA:218,16,0,0
BRDA:218,16,1,0
BRDA:243,17,0,0
BRDA:243,17,1,0
BRDA:254,18,0,0
BRDA:254,18,1,0
BRDA:255,19,0,0
BRDA:255,19,1,0
BRDA:272,20,0,0
BRDA:272,20,1,0
BRDA:276,21,0,0
BRDA:276,21,1,0
BRDA:277,22,0,0
BRDA:277,22,1,0
BRDA:284,23,0,0
BRDA:284,23,1,0
BRDA:287,24,0,0
BRDA:287,24,1,0
BRDA:298,25,0,0
BRDA:298,25,1,0
BRDA:309,26,0,0
BRDA:309,26,1,0
BRF:54
BRH:0
end_of_record
TN:
SF:src\frontend-server.js
FN:10,createFrontendServer
FN:50,(anonymous_1)
FN:53,(anonymous_2)
FN:67,(anonymous_3)
FN:79,startServerFrontend
FN:82,(anonymous_5)
FNF:6
FNH:0
FNDA:0,createFrontendServer
FNDA:0,(anonymous_1)
FNDA:0,(anonymous_2)
FNDA:0,(anonymous_3)
FNDA:0,startServerFrontend
FNDA:0,(anonymous_5)
DA:7,0
DA:8,0
DA:11,0
DA:14,0
DA:21,0
DA:23,0
DA:24,0
DA:28,0
DA:29,0
DA:30,0
DA:34,0
DA:35,0
DA:36,0
DA:39,0
DA:43,0
DA:50,0
DA:52,0
DA:53,0
DA:54,0
DA:57,0
DA:59,0
DA:63,0
DA:67,0
DA:68,0
DA:76,0
DA:80,0
DA:82,0
DA:83,0
DA:84,0
DA:85,0
DA:86,0
DA:87,0
DA:88,0
DA:91,0
LF:34
LH:0
BRDA:24,0,0,0
BRDA:24,0,1,0
BRDA:25,1,0,0
BRDA:25,1,1,0
BRDA:34,2,0,0
BRDA:34,2,1,0
BRDA:57,3,0,0
BRDA:57,3,1,0
BRDA:79,4,0,0
BRDA:85,5,0,0
BRDA:85,5,1,0
BRDA:86,6,0,0
BRDA:86,6,1,0
BRF:13
BRH:0
end_of_record
TN:
SF:src\config\auth.config.js
FN:6,authConfig
FNF:1
FNH:0
FNDA:0,authConfig
DA:7,0
LF:1
LH:0
BRDA:13,0,0,0
BRDA:13,0,1,0
BRDA:13,0,2,0
BRDA:17,1,0,0
BRDA:17,1,1,0
BRDA:17,1,2,0
BRDA:20,2,0,0
BRDA:20,2,1,0
BRDA:21,3,0,0
BRDA:21,3,1,0
BRDA:26,4,0,0
BRDA:26,4,1,0
BRDA:27,5,0,0
BRDA:27,5,1,0
BRDA:28,6,0,0
BRDA:28,6,1,0
BRDA:29,7,0,0
BRDA:29,7,1,0
BRDA:30,8,0,0
BRDA:30,8,1,0
BRDA:31,9,0,0
BRDA:31,9,1,0
BRDA:35,10,0,0
BRDA:35,10,1,0
BRDA:38,11,0,0
BRDA:38,11,1,0
BRDA:39,12,0,0
BRDA:39,12,1,0
BRDA:42,13,0,0
BRDA:42,13,1,0
BRDA:45,14,0,0
BRDA:45,14,1,0
BRDA:51,15,0,0
BRDA:51,15,1,0
BRDA:52,16,0,0
BRDA:52,16,1,0
BRDA:53,17,0,0
BRDA:53,17,1,0
BRDA:54,18,0,0
BRDA:54,18,1,0
BRDA:55,19,0,0
BRDA:55,19,1,0
BRDA:59,20,0,0
BRDA:59,20,1,0
BRDA:64,21,0,0
BRDA:64,21,1,0
BRDA:66,22,0,0
BRDA:66,22,1,0
BRDA:67,23,0,0
BRDA:67,23,1,0
BRDA:68,24,0,0
BRDA:68,24,1,0
BRDA:69,25,0,0
BRDA:69,25,1,0
BRDA:75,26,0,0
BRDA:75,26,1,0
BRDA:79,27,0,0
BRDA:79,27,1,0
BRDA:80,28,0,0
BRDA:80,28,1,0
BRDA:81,29,0,0
BRDA:81,29,1,0
BRDA:82,30,0,0
BRDA:82,30,1,0
BRDA:94,31,0,0
BRDA:94,31,1,0
BRDA:98,32,0,0
BRDA:98,32,1,0
BRDA:103,33,0,0
BRDA:103,33,1,0
BRDA:108,34,0,0
BRDA:108,34,1,0
BRDA:109,35,0,0
BRDA:109,35,1,0
BRDA:111,36,0,0
BRDA:111,36,1,0
BRDA:118,37,0,0
BRDA:118,37,1,0
BRDA:119,38,0,0
BRDA:119,38,1,0
BRDA:120,39,0,0
BRDA:120,39,1,0
BRDA:123,40,0,0
BRDA:123,40,1,0
BRDA:124,41,0,0
BRDA:124,41,1,0
BRDA:125,42,0,0
BRDA:125,42,1,0
BRDA:133,43,0,0
BRDA:133,43,1,0
BRDA:134,44,0,0
BRDA:134,44,1,0
BRDA:137,45,0,0
BRDA:137,45,1,0
BRDA:138,46,0,0
BRDA:138,46,1,0
BRF:96
BRH:0
end_of_record
TN:
SF:src\config\database.config.js
FN:1,databaseConfig
FN:86,(anonymous_1)
FN:89,(anonymous_2)
FN:92,(anonymous_3)
FNF:4
FNH:0
FNDA:0,databaseConfig
FNDA:0,(anonymous_1)
FNDA:0,(anonymous_2)
FNDA:0,(anonymous_3)
DA:2,0
DA:7,0
DA:9,0
DA:12,0
DA:14,0
DA:19,0
DA:30,0
DA:35,0
DA:38,0
DA:41,0
DA:44,0
DA:87,0
DA:90,0
DA:93,0
DA:94,0
LF:15
LH:0
BRDA:7,0,0,0
BRDA:7,0,1,0
BRDA:12,1,0,0
BRDA:12,1,1,0
BRDA:20,2,0,0
BRDA:20,2,1,0
BRDA:21,3,0,0
BRDA:21,3,1,0
BRDA:22,4,0,0
BRDA:22,4,1,0
BRDA:23,5,0,0
BRDA:23,5,1,0
BRDA:24,6,0,0
BRDA:24,6,1,0
BRDA:30,7,0,0
BRDA:30,7,1,0
BRDA:30,8,0,0
BRDA:30,8,1,0
BRDA:35,9,0,0
BRDA:35,9,1,0
BRDA:46,10,0,0
BRDA:46,10,1,0
BRDA:53,11,0,0
BRDA:53,11,1,0
BRDA:54,12,0,0
BRDA:54,12,1,0
BRDA:55,13,0,0
BRDA:55,13,1,0
BRDA:56,14,0,0
BRDA:56,14,1,0
BRDA:57,15,0,0
BRDA:57,15,1,0
BRDA:59,16,0,0
BRDA:59,16,1,0
BRDA:62,17,0,0
BRDA:62,17,1,0
BRDA:67,18,0,0
BRDA:67,18,1,0
BRDA:69,19,0,0
BRDA:69,19,1,0
BRDA:76,20,0,0
BRDA:76,20,1,0
BRDA:93,21,0,0
BRDA:93,21,1,0
BRDA:101,22,0,0
BRDA:101,22,1,0
BRDA:102,23,0,0
BRDA:102,23,1,0
BRF:48
BRH:0
end_of_record
TN:
SF:src\config\files.config.js
FN:1,filesConfig
FNF:1
FNH:0
FNDA:0,filesConfig
DA:2,0
LF:1
LH:0
BRDA:4,0,0,0
BRDA:4,0,1,0
BRDA:5,1,0,0
BRDA:5,1,1,0
BRDA:9,2,0,0
BRDA:9,2,1,0
BRDA:10,3,0,0
BRDA:10,3,1,0
BRDA:11,4,0,0
BRDA:11,4,1,0
BRDA:12,5,0,0
BRDA:12,5,1,0
BRDA:34,6,0,0
BRDA:34,6,1,0
BRF:14
BRH:0
end_of_record
TN:
SF:src\config\index.js
FN:27,(anonymous_0)
FNF:1
FNH:0
FNDA:0,(anonymous_0)
DA:6,0
DA:7,0
DA:10,0
DA:11,0
DA:14,0
DA:17,0
DA:27,0
DA:28,0
DA:37,0
LF:9
LH:0
BRDA:10,0,0,0
BRDA:10,0,1,0
BRF:2
BRH:0
end_of_record
TN:
SF:src\config\logger.config.js
FN:3,loggerConfig
FN:52,(anonymous_1)
FNF:2
FNH:0
FNDA:0,loggerConfig
FNDA:0,(anonymous_1)
DA:5,0
DA:53,0
DA:56,0
LF:3
LH:0
BRDA:7,0,0,0
BRDA:7,0,1,0
BRDA:12,1,0,0
BRDA:12,1,1,0
BRDA:15,2,0,0
BRDA:15,2,1,0
BRDA:22,3,0,0
BRDA:22,3,1,0
BRDA:23,4,0,0
BRDA:23,4,1,0
BRDA:30,5,0,0
BRDA:30,5,1,0
BRDA:32,6,0,0
BRDA:32,6,1,0
BRDA:33,7,0,0
BRDA:33,7,1,0
BRDA:38,8,0,0
BRDA:38,8,1,0
BRDA:39,9,0,0
BRDA:39,9,1,0
BRDA:40,10,0,0
BRDA:40,10,1,0
BRDA:41,11,0,0
BRDA:41,11,1,0
BRDA:45,12,0,0
BRDA:45,12,1,0
BRDA:45,13,0,0
BRDA:45,13,1,0
BRDA:53,14,0,0
BRDA:53,14,1,0
BRDA:68,15,0,0
BRDA:68,15,1,0
BRF:32
BRH:0
end_of_record
TN:
SF:src\config\security.config.js
FN:6,securityConfig
FN:27,(anonymous_1)
FN:43,(anonymous_2)
FN:50,(anonymous_3)
FN:57,(anonymous_4)
FN:213,(anonymous_5)
FN:216,(anonymous_6)
FN:231,(anonymous_7)
FN:235,(anonymous_8)
FNF:9
FNH:0
FNDA:0,securityConfig
FNDA:0,(anonymous_1)
FNDA:0,(anonymous_2)
FNDA:0,(anonymous_3)
FNDA:0,(anonymous_4)
FNDA:0,(anonymous_5)
FNDA:0,(anonymous_6)
FNDA:0,(anonymous_7)
FNDA:0,(anonymous_8)
DA:8,0
DA:9,0
DA:10,0
DA:12,0
DA:27,0
DA:43,0
DA:50,0
DA:57,0
DA:213,0
DA:216,0
DA:232,0
DA:235,0
LF:12
LH:0
BRDA:15,0,0,0
BRDA:15,0,1,0
BRDA:19,1,0,0
BRDA:19,1,1,0
BRDA:20,2,0,0
BRDA:20,2,1,0
BRDA:26,3,0,0
BRDA:26,3,1,0
BRDA:40,4,0,0
BRDA:40,4,1,0
BRDA:46,5,0,0
BRDA:46,5,1,0
BRDA:53,6,0,0
BRDA:53,6,1,0
BRDA:61,7,0,0
BRDA:61,7,1,0
BRDA:62,8,0,0
BRDA:62,8,1,0
BRDA:92,9,0,0
BRDA:92,9,1,0
BRDA:98,10,0,0
BRDA:98,10,1,0
BRDA:105,11,0,0
BRDA:105,11,1,0
BRDA:111,12,0,0
BRDA:111,12,1,0
BRDA:115,13,0,0
BRDA:115,13,1,0
BRDA:116,14,0,0
BRDA:116,14,1,0
BRDA:117,15,0,0
BRDA:117,15,1,0
BRDA:121,16,0,0
BRDA:121,16,1,0
BRDA:125,17,0,0
BRDA:125,17,1,0
BRDA:137,18,0,0
BRDA:137,18,1,0
BRDA:144,19,0,0
BRDA:144,19,1,0
BRDA:145,20,0,0
BRDA:145,20,1,0
BRDA:147,21,0,0
BRDA:147,21,1,0
BRDA:154,22,0,0
BRDA:154,22,1,0
BRDA:160,23,0,0
BRDA:160,23,1,0
BRDA:163,24,0,0
BRDA:163,24,1,0
BRDA:170,25,0,0
BRDA:170,25,1,0
BRDA:175,26,0,0
BRDA:175,26,1,0
BRDA:176,27,0,0
BRDA:176,27,1,0
BRDA:178,28,0,0
BRDA:178,28,1,0
BRDA:188,29,0,0
BRDA:188,29,1,0
BRDA:189,30,0,0
BRDA:189,30,1,0
BRDA:193,31,0,0
BRDA:193,31,1,0
BRDA:194,32,0,0
BRDA:194,32,1,0
BRDA:198,33,0,0
BRDA:198,33,1,0
BRDA:199,34,0,0
BRDA:199,34,1,0
BRDA:202,35,0,0
BRDA:202,35,1,0
BRDA:203,36,0,0
BRDA:203,36,1,0
BRDA:206,37,0,0
BRDA:206,37,1,0
BRDA:207,38,0,0
BRDA:207,38,1,0
BRDA:212,39,0,0
BRDA:212,39,1,0
BRDA:215,40,0,0
BRDA:215,40,1,0
BRDA:224,41,0,0
BRDA:224,41,1,0
BRDA:225,42,0,0
BRDA:225,42,1,0
BRDA:227,43,0,0
BRDA:227,43,1,0
BRDA:228,44,0,0
BRDA:228,44,1,0
BRDA:230,45,0,0
BRDA:230,45,1,0
BRDA:232,46,0,0
BRDA:232,46,1,0
BRDA:232,47,0,0
BRDA:232,47,1,0
BRDA:233,48,0,0
BRDA:233,48,1,0
BRDA:242,49,0,0
BRDA:242,49,1,0
BRDA:245,50,0,0
BRDA:245,50,1,0
BRDA:246,51,0,0
BRDA:246,51,1,0
BRDA:250,52,0,0
BRDA:250,52,1,0
BRDA:251,53,0,0
BRDA:251,53,1,0
BRDA:255,54,0,0
BRDA:255,54,1,0
BRF:110
BRH:0
end_of_record
TN:
SF:src\config\server.config.js
FN:6,serverConfig
FNF:1
FNH:0
FNDA:0,serverConfig
DA:8,0
DA:9,0
DA:10,0
DA:12,0
LF:4
LH:0
BRDA:15,0,0,0
BRDA:15,0,1,0
BRDA:16,1,0,0
BRDA:16,1,1,0
BRDA:16,2,0,0
BRDA:16,2,1,0
BRDA:17,3,0,0
BRDA:17,3,1,0
BRDA:17,4,0,0
BRDA:17,4,1,0
BRDA:20,5,0,0
BRDA:20,5,1,0
BRDA:20,6,0,0
BRDA:20,6,1,0
BRDA:21,7,0,0
BRDA:21,7,1,0
BRDA:24,8,0,0
BRDA:24,8,1,0
BRDA:30,9,0,0
BRDA:30,9,1,0
BRDA:31,10,0,0
BRDA:31,10,1,0
BRDA:42,11,0,0
BRDA:42,11,1,0
BRDA:46,12,0,0
BRDA:46,12,1,0
BRDA:50,13,0,0
BRDA:50,13,1,0
BRDA:51,14,0,0
BRDA:51,14,1,0
BRDA:52,15,0,0
BRDA:52,15,1,0
BRDA:63,16,0,0
BRDA:63,16,1,0
BRDA:69,17,0,0
BRDA:69,17,1,0
BRDA:70,18,0,0
BRDA:70,18,1,0
BRDA:71,19,0,0
BRDA:71,19,1,0
BRDA:72,20,0,0
BRDA:72,20,1,0
BRDA:77,21,0,0
BRDA:77,21,1,0
BRDA:78,22,0,0
BRDA:78,22,1,0
BRDA:79,23,0,0
BRDA:79,23,1,0
BRF:48
BRH:0
end_of_record
TN:
SF:src\controllers\admin.controller.js
FN:16,(anonymous_0)
FN:30,(anonymous_1)
FN:44,(anonymous_2)
FN:58,(anonymous_3)
FN:77,(anonymous_4)
FN:91,(anonymous_5)
FN:109,(anonymous_6)
FN:123,(anonymous_7)
FN:137,(anonymous_8)
FN:151,(anonymous_9)
FN:165,(anonymous_10)
FNF:11
FNH:0
FNDA:0,(anonymous_0)
FNDA:0,(anonymous_1)
FNDA:0,(anonymous_2)
FNDA:0,(anonymous_3)
FNDA:0,(anonymous_4)
FNDA:0,(anonymous_5)
FNDA:0,(anonymous_6)
FNDA:0,(anonymous_7)
FNDA:0,(anonymous_8)
FNDA:0,(anonymous_9)
FNDA:0,(anonymous_10)
DA:17,0
DA:31,0
DA:45,0
DA:59,0
DA:78,0
DA:92,0
DA:110,0
DA:124,0
DA:138,0
DA:152,0
DA:166,0
LF:11
LH:0
BRF:0
BRH:0
end_of_record
TN:
SF:src\controllers\aulas.controller.js
FN:16,(anonymous_0)
FN:30,(anonymous_1)
FN:44,(anonymous_2)
FN:58,(anonymous_3)
FN:72,(anonymous_4)
FN:86,(anonymous_5)
FN:100,(anonymous_6)
FN:114,(anonymous_7)
FNF:8
FNH:0
FNDA:0,(anonymous_0)
FNDA:0,(anonymous_1)
FNDA:0,(anonymous_2)
FNDA:0,(anonymous_3)
FNDA:0,(anonymous_4)
FNDA:0,(anonymous_5)
FNDA:0,(anonymous_6)
FNDA:0,(anonymous_7)
DA:17,0
DA:31,0
DA:45,0
DA:59,0
DA:73,0
DA:87,0
DA:101,0
DA:115,0
LF:8
LH:0
BRF:0
BRH:0
end_of_record
TN:
SF:src\controllers\coordinador.controller.js
FN:16,(anonymous_0)
FN:29,(anonymous_1)
FN:43,(anonymous_2)
FN:56,(anonymous_3)
FN:70,(anonymous_4)
FN:84,(anonymous_5)
FN:102,(anonymous_6)
FN:131,(anonymous_7)
FN:144,(anonymous_8)
FNF:9
FNH:0
FNDA:0,(anonymous_0)
FNDA:0,(anonymous_1)
FNDA:0,(anonymous_2)
FNDA:0,(anonymous_3)
FNDA:0,(anonymous_4)
FNDA:0,(anonymous_5)
FNDA:0,(anonymous_6)
FNDA:0,(anonymous_7)
FNDA:0,(anonymous_8)
DA:17,0
DA:30,0
DA:44,0
DA:57,0
DA:71,0
DA:85,0
DA:103,0
DA:104,0
DA:105,0
DA:107,0
DA:116,0
DA:117,0
DA:132,0
DA:145,0
DA:146,0
DA:148,0
DA:149,0
DA:156,0
DA:164,0
DA:168,0
LF:20
LH:0
BRDA:148,0,0,0
BRDA:148,0,1,0
BRF:2
BRH:0
end_of_record
TN:
SF:src\controllers\curricular.controller.js
FN:20,(anonymous_0)
FN:34,(anonymous_1)
FN:52,(anonymous_2)
FN:69,(anonymous_3)
FN:86,(anonymous_4)
FN:115,(anonymous_5)
FN:143,(anonymous_6)
FN:171,(anonymous_7)
FN:187,(anonymous_8)
FN:207,(anonymous_9)
FN:227,(anonymous_10)
FN:261,(anonymous_11)
FN:275,(anonymous_12)
FN:289,(anonymous_13)
FN:306,(anonymous_14)
FN:323,(anonymous_15)
FN:365,(anonymous_16)
FN:407,(anonymous_17)
FN:425,(anonymous_18)
FNF:19
FNH:0
FNDA:0,(anonymous_0)
FNDA:0,(anonymous_1)
FNDA:0,(anonymous_2)
FNDA:0,(anonymous_3)
FNDA:0,(anonymous_4)
FNDA:0,(anonymous_5)
FNDA:0,(anonymous_6)
FNDA:0,(anonymous_7)
FNDA:0,(anonymous_8)
FNDA:0,(anonymous_9)
FNDA:0,(anonymous_10)
FNDA:0,(anonymous_11)
FNDA:0,(anonymous_12)
FNDA:0,(anonymous_13)
FNDA:0,(anonymous_14)
FNDA:0,(anonymous_15)
FNDA:0,(anonymous_16)
FNDA:0,(anonymous_17)
FNDA:0,(anonymous_18)
DA:21,0
DA:35,0
DA:53,0
DA:70,0
DA:87,0
DA:88,0
DA:89,0
DA:91,0
DA:99,0
DA:100,0
DA:116,0
DA:117,0
DA:118,0
DA:120,0
DA:128,0
DA:129,0
DA:144,0
DA:145,0
DA:146,0
DA:148,0
DA:156,0
DA:157,0
DA:172,0
DA:174,0
DA:188,0
DA:190,0
DA:208,0
DA:209,0
DA:210,0
DA:228,0
DA:229,0
DA:230,0
DA:232,0
DA:233,0
DA:239,0
DA:244,0
DA:246,0
DA:247,0
DA:262,0
DA:276,0
DA:290,0
DA:293,0
DA:307,0
DA:310,0
DA:324,0
DA:325,0
DA:328,0
DA:329,0
DA:336,0
DA:341,0
DA:349,0
DA:350,0
DA:366,0
DA:367,0
DA:370,0
DA:371,0
DA:378,0
DA:383,0
DA:391,0
DA:392,0
DA:408,0
DA:426,0
LF:62
LH:0
BRDA:73,0,0,0
BRDA:73,0,1,0
BRDA:102,1,0,0
BRDA:102,1,1,0
BRDA:131,2,0,0
BRDA:131,2,1,0
BRDA:159,3,0,0
BRDA:159,3,1,0
BRDA:232,4,0,0
BRDA:232,4,1,0
BRDA:244,5,0,0
BRDA:244,5,1,0
BRDA:249,6,0,0
BRDA:249,6,1,0
BRDA:290,7,0,0
BRDA:290,7,1,0
BRDA:307,8,0,0
BRDA:307,8,1,0
BRDA:328,9,0,0
BRDA:328,9,1,0
BRDA:328,10,0,0
BRDA:328,10,1,0
BRDA:370,11,0,0
BRDA:370,11,1,0
BRDA:370,12,0,0
BRDA:370,12,1,0
BRF:26
BRH:0
end_of_record
TN:
SF:src\controllers\horario.controller.js
FN:16,(anonymous_0)
FN:30,(anonymous_1)
FN:44,(anonymous_2)
FN:58,(anonymous_3)
FN:80,(anonymous_4)
FN:101,(anonymous_5)
FN:115,(anonymous_6)
FN:131,(anonymous_7)
FN:145,(anonymous_8)
FN:159,(anonymous_9)
FN:174,(anonymous_10)
FNF:11
FNH:0
FNDA:0,(anonymous_0)
FNDA:0,(anonymous_1)
FNDA:0,(anonymous_2)
FNDA:0,(anonymous_3)
FNDA:0,(anonymous_4)
FNDA:0,(anonymous_5)
FNDA:0,(anonymous_6)
FNDA:0,(anonymous_7)
FNDA:0,(anonymous_8)
FNDA:0,(anonymous_9)
FNDA:0,(anonymous_10)
DA:17,0
DA:31,0
DA:45,0
DA:59,0
DA:81,0
DA:102,0
DA:116,0
DA:132,0
DA:146,0
DA:160,0
DA:175,0
DA:176,0
DA:178,0
DA:181,0
DA:185,0
DA:186,0
DA:187,0
DA:196,0
DA:201,0
DA:203,0
DA:206,0
DA:207,0
DA:208,0
DA:211,0
LF:24
LH:0
BRDA:65,0,0,0
BRDA:65,0,1,0
BRDA:86,1,0,0
BRDA:86,1,1,0
BRDA:89,2,0,0
BRDA:89,2,1,0
BRDA:206,3,0,0
BRDA:206,3,1,0
BRF:8
BRH:0
end_of_record
TN:
SF:src\controllers\notification.controller.js
FN:18,(anonymous_0)
FN:87,(anonymous_1)
FNF:2
FNH:0
FNDA:0,(anonymous_0)
FNDA:0,(anonymous_1)
DA:19,0
DA:20,0
DA:22,0
DA:23,0
DA:32,0
DA:33,0
DA:42,0
DA:49,0
DA:52,0
DA:59,0
DA:64,0
DA:88,0
DA:90,0
DA:91,0
DA:100,0
DA:101,0
DA:102,0
DA:111,0
DA:117,0
DA:118,0
DA:128,0
DA:138,0
DA:140,0
LF:23
LH:0
BRDA:22,0,0,0
BRDA:22,0,1,0
BRDA:22,1,0,0
BRDA:22,1,1,0
BRDA:32,2,0,0
BRDA:32,2,1,0
BRDA:32,3,0,0
BRDA:32,3,1,0
BRDA:71,4,0,0
BRDA:71,4,1,0
BRDA:90,5,0,0
BRDA:90,5,1,0
BRDA:90,6,0,0
BRDA:90,6,1,0
BRDA:101,7,0,0
BRDA:101,7,1,0
BRDA:117,8,0,0
BRDA:117,8,1,0
BRDA:120,9,0,0
BRDA:120,9,1,0
BRDA:122,10,0,0
BRDA:122,10,1,0
BRDA:123,11,0,0
BRDA:123,11,1,0
BRDA:147,12,0,0
BRDA:147,12,1,0
BRF:26
BRH:0
end_of_record
TN:
SF:src\controllers\profesor.controller.js
FN:16,(anonymous_0)
FN:30,(anonymous_1)
FN:44,(anonymous_2)
FN:117,(anonymous_3)
FN:131,(anonymous_4)
FN:145,(anonymous_5)
FN:159,(anonymous_6)
FN:173,(anonymous_7)
FN:187,(anonymous_8)
FN:201,(anonymous_9)
FN:215,(anonymous_10)
FN:229,(anonymous_11)
FN:243,(anonymous_12)
FN:257,(anonymous_13)
FN:275,(anonymous_14)
FN:293,(anonymous_15)
FN:311,(anonymous_16)
FN:325,(anonymous_17)
FN:339,(anonymous_18)
FNF:19
FNH:0
FNDA:0,(anonymous_0)
FNDA:0,(anonymous_1)
FNDA:0,(anonymous_2)
FNDA:0,(anonymous_3)
FNDA:0,(anonymous_4)
FNDA:0,(anonymous_5)
FNDA:0,(anonymous_6)
FNDA:0,(anonymous_7)
FNDA:0,(anonymous_8)
FNDA:0,(anonymous_9)
FNDA:0,(anonymous_10)
FNDA:0,(anonymous_11)
FNDA:0,(anonymous_12)
FNDA:0,(anonymous_13)
FNDA:0,(anonymous_14)
FNDA:0,(anonymous_15)
FNDA:0,(anonymous_16)
FNDA:0,(anonymous_17)
FNDA:0,(anonymous_18)
DA:17,0
DA:31,0
DA:45,0
DA:46,0
DA:47,0
DA:48,0
DA:53,0
DA:58,0
DA:63,0
DA:64,0
DA:67,0
DA:68,0
DA:69,0
DA:72,0
DA:73,0
DA:74,0
DA:76,0
DA:80,0
DA:81,0
DA:88,0
DA:96,0
DA:103,0
DA:105,0
DA:106,0
DA:118,0
DA:132,0
DA:146,0
DA:160,0
DA:174,0
DA:188,0
DA:202,0
DA:216,0
DA:230,0
DA:244,0
DA:258,0
DA:276,0
DA:294,0
DA:312,0
DA:326,0
DA:340,0
LF:40
LH:0
BRDA:58,0,0,0
BRDA:58,0,1,0
BRDA:59,1,0,0
BRDA:59,1,1,0
BRDA:59,1,2,0
BRDA:67,2,0,0
BRDA:67,2,1,0
BRDA:72,3,0,0
BRDA:72,3,1,0
BRDA:80,4,0,0
BRDA:80,4,1,0
BRDA:80,5,0,0
BRDA:80,5,1,0
BRDA:89,6,0,0
BRDA:89,6,1,0
BRF:15
BRH:0
end_of_record
TN:
SF:src\controllers\sedes.controller.js
FN:16,(anonymous_0)
FN:30,(anonymous_1)
FN:44,(anonymous_2)
FN:58,(anonymous_3)
FN:72,(anonymous_4)
FNF:5
FNH:0
FNDA:0,(anonymous_0)
FNDA:0,(anonymous_1)
FNDA:0,(anonymous_2)
FNDA:0,(anonymous_3)
FNDA:0,(anonymous_4)
DA:17,0
DA:31,0
DA:45,0
DA:59,0
DA:73,0
LF:5
LH:0
BRF:0
BRH:0
end_of_record
TN:
SF:src\controllers\system.controller.js
FN:18,(anonymous_0)
FN:48,(anonymous_1)
FN:77,(anonymous_2)
FN:116,(anonymous_3)
FN:146,(anonymous_4)
FN:160,(anonymous_5)
FN:192,(anonymous_6)
FN:250,(anonymous_7)
FN:282,(anonymous_8)
FN:311,(anonymous_9)
FN:340,(anonymous_10)
FN:369,(anonymous_11)
FN:398,(anonymous_12)
FN:432,(anonymous_13)
FNF:14
FNH:0
FNDA:0,(anonymous_0)
FNDA:0,(anonymous_1)
FNDA:0,(anonymous_2)
FNDA:0,(anonymous_3)
FNDA:0,(anonymous_4)
FNDA:0,(anonymous_5)
FNDA:0,(anonymous_6)
FNDA:0,(anonymous_7)
FNDA:0,(anonymous_8)
FNDA:0,(anonymous_9)
FNDA:0,(anonymous_10)
FNDA:0,(anonymous_11)
FNDA:0,(anonymous_12)
FNDA:0,(anonymous_13)
DA:19,0
DA:20,0
DA:21,0
DA:24,0
DA:31,0
DA:32,0
DA:49,0
DA:50,0
DA:51,0
DA:53,0
DA:60,0
DA:61,0
DA:78,0
DA:79,0
DA:81,0
DA:82,0
DA:90,0
DA:91,0
DA:93,0
DA:99,0
DA:100,0
DA:117,0
DA:118,0
DA:120,0
DA:121,0
DA:123,0
DA:129,0
DA:130,0
DA:147,0
DA:161,0
DA:162,0
DA:164,0
DA:167,0
DA:169,0
DA:175,0
DA:176,0
DA:193,0
DA:194,0
DA:196,0
DA:197,0
DA:205,0
DA:206,0
DA:209,0
DA:210,0
DA:219,0
DA:220,0
DA:226,0
DA:227,0
DA:229,0
DA:231,0
DA:232,0
DA:251,0
DA:252,0
DA:253,0
DA:255,0
DA:262,0
DA:266,0
DA:283,0
DA:284,0
DA:285,0
DA:287,0
DA:294,0
DA:295,0
DA:312,0
DA:313,0
DA:314,0
DA:316,0
DA:323,0
DA:324,0
DA:341,0
DA:342,0
DA:343,0
DA:345,0
DA:352,0
DA:353,0
DA:370,0
DA:371,0
DA:372,0
DA:374,0
DA:381,0
DA:382,0
DA:399,0
DA:400,0
DA:401,0
DA:403,0
DA:410,0
DA:411,0
DA:433,0
DA:434,0
DA:437,0
DA:439,0
DA:440,0
DA:449,0
DA:451,0
DA:462,0
DA:463,0
LF:96
LH:0
BRDA:81,0,0,0
BRDA:81,0,1,0
BRDA:196,1,0,0
BRDA:196,1,1,0
BRDA:209,2,0,0
BRDA:209,2,1,0
BRDA:439,3,0,0
BRDA:439,3,1,0
BRDA:449,4,0,0
BRDA:449,4,1,0
BRDA:455,5,0,0
BRDA:455,5,1,0
BRDA:456,6,0,0
BRDA:456,6,1,0
BRDA:457,7,0,0
BRDA:457,7,1,0
BRF:16
BRH:0
end_of_record
TN:
SF:src\controllers\user.controller.js
FN:16,(anonymous_0)
FN:136,(anonymous_1)
FN:227,(anonymous_2)
FN:258,(anonymous_3)
FN:280,(anonymous_4)
FN:319,(anonymous_5)
FN:329,(anonymous_6)
FN:339,(anonymous_7)
FN:349,(anonymous_8)
FN:359,(anonymous_9)
FN:369,(anonymous_10)
FN:379,(anonymous_11)
FN:389,(anonymous_12)
FN:445,(anonymous_13)
FNF:14
FNH:0
FNDA:0,(anonymous_0)
FNDA:0,(anonymous_1)
FNDA:0,(anonymous_2)
FNDA:0,(anonymous_3)
FNDA:0,(anonymous_4)
FNDA:0,(anonymous_5)
FNDA:0,(anonymous_6)
FNDA:0,(anonymous_7)
FNDA:0,(anonymous_8)
FNDA:0,(anonymous_9)
FNDA:0,(anonymous_10)
FNDA:0,(anonymous_11)
FNDA:0,(anonymous_12)
FNDA:0,(anonymous_13)
DA:17,0
DA:18,0
DA:21,0
DA:22,0
DA:27,0
DA:29,0
DA:30,0
DA:31,0
DA:32,0
DA:34,0
DA:42,0
DA:43,0
DA:45,0
DA:62,0
DA:63,0
DA:66,0
DA:73,0
DA:75,0
DA:82,0
DA:95,0
DA:96,0
DA:102,0
DA:106,0
DA:107,0
DA:108,0
DA:112,0
DA:113,0
DA:115,0
DA:116,0
DA:127,0
DA:128,0
DA:137,0
DA:138,0
DA:139,0
DA:145,0
DA:146,0
DA:147,0
DA:149,0
DA:153,0
DA:164,0
DA:165,0
DA:166,0
DA:168,0
DA:174,0
DA:183,0
DA:184,0
DA:186,0
DA:188,0
DA:194,0
DA:203,0
DA:204,0
DA:213,0
DA:214,0
DA:216,0
DA:218,0
DA:219,0
DA:228,0
DA:230,0
DA:231,0
DA:233,0
DA:234,0
DA:235,0
DA:238,0
DA:239,0
DA:241,0
DA:243,0
DA:245,0
DA:247,0
DA:249,0
DA:251,0
DA:259,0
DA:260,0
DA:263,0
DA:264,0
DA:265,0
DA:267,0
DA:270,0
DA:279,0
DA:281,0
DA:282,0
DA:287,0
DA:288,0
DA:291,0
DA:294,0
DA:295,0
DA:304,0
DA:305,0
DA:320,0
DA:330,0
DA:340,0
DA:350,0
DA:360,0
DA:370,0
DA:380,0
DA:390,0
DA:391,0
DA:393,0
DA:395,0
DA:396,0
DA:402,0
DA:404,0
DA:405,0
DA:412,0
DA:424,0
DA:425,0
DA:428,0
DA:430,0
DA:431,0
DA:446,0
DA:447,0
DA:462,0
DA:471,0
DA:472,0
LF:113
LH:0
BRDA:21,0,0,0
BRDA:21,0,1,0
BRDA:21,1,0,0
BRDA:21,1,1,0
BRDA:29,2,0,0
BRDA:29,2,1,0
BRDA:29,3,0,0
BRDA:29,3,1,0
BRDA:31,4,0,0
BRDA:31,4,1,0
BRDA:32,5,0,0
BRDA:32,5,1,0
BRDA:42,6,0,0
BRDA:42,6,1,0
BRDA:54,7,0,0
BRDA:54,7,1,0
BRDA:55,8,0,0
BRDA:55,8,1,0
BRDA:73,9,0,0
BRDA:73,9,1,0
BRDA:123,10,0,0
BRDA:123,10,1,0
BRDA:145,11,0,0
BRDA:145,11,1,0
BRDA:146,12,0,0
BRDA:146,12,1,0
BRDA:147,13,0,0
BRDA:147,13,1,0
BRDA:149,14,0,0
BRDA:149,14,1,0
BRDA:155,15,0,0
BRDA:155,15,1,0
BRDA:156,16,0,0
BRDA:156,16,1,0
BRDA:157,17,0,0
BRDA:157,17,1,0
BRDA:158,18,0,0
BRDA:158,18,1,0
BRDA:164,19,0,0
BRDA:164,19,1,0
BRDA:165,20,0,0
BRDA:165,20,1,0
BRDA:183,21,0,0
BRDA:183,21,1,0
BRDA:184,22,0,0
BRDA:184,22,1,0
BRDA:203,23,0,0
BRDA:203,23,1,0
BRDA:228,24,0,0
BRDA:228,24,1,0
BRDA:231,25,0,0
BRDA:231,25,1,0
BRDA:234,26,0,0
BRDA:234,26,1,0
BRDA:241,27,0,0
BRDA:241,27,1,0
BRDA:241,27,2,0
BRDA:241,27,3,0
BRDA:241,27,4,0
BRDA:263,28,0,0
BRDA:263,28,1,0
BRDA:264,29,0,0
BRDA:264,29,1,0
BRDA:265,30,0,0
BRDA:265,30,1,0
BRDA:267,31,0,0
BRDA:267,31,1,0
BRDA:272,32,0,0
BRDA:272,32,1,0
BRDA:273,33,0,0
BRDA:273,33,1,0
BRDA:274,34,0,0
BRDA:274,34,1,0
BRDA:275,35,0,0
BRDA:275,35,1,0
BRDA:310,36,0,0
BRDA:310,36,1,0
BRDA:395,37,0,0
BRDA:395,37,1,0
BRDA:404,38,0,0
BRDA:404,38,1,0
BRDA:436,39,0,0
BRDA:436,39,1,0
BRDA:449,40,0,0
BRDA:449,40,1,0
BRDA:477,41,0,0
BRDA:477,41,1,0
BRF:87
BRH:0
end_of_record
TN:
SF:src\database\db.js
FNF:0
FNH:0
DA:4,0
LF:1
LH:0
BRF:0
BRH:0
end_of_record
TN:
SF:src\database\knexfile.js
FNF:0
FNH:0
LF:0
LH:0
BRF:0
BRH:0
end_of_record
TN:
SF:src\database\migrations\001_create_areas_de_conocimiento.js
FN:7,up
FN:8,(anonymous_1)
FN:35,down
FNF:3
FNH:0
FNDA:0,up
FNDA:0,(anonymous_1)
FNDA:0,down
DA:8,0
DA:10,0
DA:13,0
DA:14,0
DA:17,0
DA:18,0
DA:21,0
DA:22,0
DA:26,0
DA:36,0
LF:10
LH:0
BRF:0
BRH:0
end_of_record
TN:
SF:src\database\migrations\002_create_categorias.js
FN:7,up
FN:8,(anonymous_1)
FN:58,down
FNF:3
FNH:0
FNDA:0,up
FNDA:0,(anonymous_1)
FNDA:0,down
DA:8,0
DA:10,0
DA:16,0
DA:23,0
DA:28,0
DA:34,0
DA:39,0
DA:46,0
DA:49,0
DA:59,0
LF:10
LH:0
BRF:0
BRH:0
end_of_record
TN:
SF:src\database\migrations\003_create_dedicaciones.js
FN:7,up
FN:8,(anonymous_1)
FN:37,down
FNF:3
FNH:0
FNDA:0,up
FNDA:0,(anonymous_1)
FNDA:0,down
DA:8,0
DA:10,0
DA:11,0
DA:12,0
DA:13,0
DA:14,0
DA:17,0
DA:18,0
DA:21,0
DA:22,0
DA:25,0
DA:28,0
DA:38,0
LF:13
LH:0
BRF:0
BRH:0
end_of_record
TN:
SF:src\database\migrations\004_create_sedes.js
FN:7,up
FN:8,(anonymous_1)
FN:59,down
FNF:3
FNH:0
FNDA:0,up
FNDA:0,(anonymous_1)
FNDA:0,down
DA:8,0
DA:10,0
DA:13,0
DA:14,0
DA:15,0
DA:16,0
DA:17,0
DA:18,0
DA:21,0
DA:22,0
DA:25,0
DA:26,0
DA:29,0
DA:30,0
DA:34,0
DA:44,0
DA:50,0
DA:61,0
DA:67,0
DA:71,0
LF:20
LH:0
BRF:0
BRH:0
end_of_record
TN:
SF:src\database\migrations\005_create_pnfs.js
FN:7,up
FN:8,(anonymous_1)
FN:65,down
FNF:3
FNH:0
FNDA:0,up
FNDA:0,(anonymous_1)
FNDA:0,down
DA:8,0
DA:10,0
DA:13,0
DA:14,0
DA:15,0
DA:16,0
DA:17,0
DA:20,0
DA:23,0
DA:24,0
DA:27,0
DA:28,0
DA:31,0
DA:37,0
DA:38,0
DA:39,0
DA:40,0
DA:43,0
DA:67,0
DA:74,0
DA:77,0
LF:21
LH:0
BRF:0
BRH:0
end_of_record
TN:
SF:src\database\migrations\006_create_pos_grado.js
FN:7,up
FN:8,(anonymous_1)
FN:43,down
FNF:3
FNH:0
FNDA:0,up
FNDA:0,(anonymous_1)
FNDA:0,down
DA:8,0
DA:10,0
DA:13,0
DA:14,0
DA:19,0
DA:22,0
DA:23,0
DA:26,0
DA:27,0
DA:30,0
DA:31,0
DA:34,0
DA:44,0
LF:13
LH:0
BRF:0
BRH:0
end_of_record
TN:
SF:src\database\migrations\007_create_pre_grado.js
FN:7,up
FN:8,(anonymous_1)
FN:45,down
FNF:3
FNH:0
FNDA:0,up
FNDA:0,(anonymous_1)
FNDA:0,down
DA:8,0
DA:10,0
DA:13,0
DA:14,0
DA:20,0
DA:23,0
DA:24,0
DA:27,0
DA:28,0
DA:32,0
DA:33,0
DA:36,0
DA:46,0
LF:13
LH:0
BRF:0
BRH:0
end_of_record
TN:
SF:src\database\migrations\008_create_roles.js
FN:7,up
FN:8,(anonymous_1)
FN:37,down
FNF:3
FNH:0
FNDA:0,up
FNDA:0,(anonymous_1)
FNDA:0,down
DA:8,0
DA:10,0
DA:13,0
DA:14,0
DA:17,0
DA:18,0
DA:21,0
DA:22,0
DA:25,0
DA:28,0
DA:38,0
LF:11
LH:0
BRF:0
BRH:0
end_of_record
TN:
SF:src\database\migrations\009_create_users.js
FN:7,up
FN:8,(anonymous_1)
FN:55,down
FNF:3
FNH:0
FNDA:0,up
FNDA:0,(anonymous_1)
FNDA:0,down
DA:8,0
DA:10,0
DA:13,0
DA:14,0
DA:15,0
DA:16,0
DA:17,0
DA:18,0
DA:19,0
DA:20,0
DA:21,0
DA:22,0
DA:25,0
DA:26,0
DA:27,0
DA:30,0
DA:31,0
DA:32,0
DA:35,0
DA:36,0
DA:39,0
DA:40,0
DA:41,0
DA:42,0
DA:43,0
DA:46,0
DA:56,0
LF:27
LH:0
BRF:0
BRH:0
end_of_record
TN:
SF:src\database\migrations\010_create_profesores.js
FN:7,up
FN:8,(anonymous_1)
FN:50,down
FNF:3
FNH:0
FNDA:0,up
FNDA:0,(anonymous_1)
FNDA:0,down
DA:8,0
DA:10,0
DA:13,0
DA:16,0
DA:17,0
DA:21,0
DA:22,0
DA:25,0
DA:26,0
DA:29,0
DA:35,0
DA:36,0
DA:37,0
DA:38,0
DA:41,0
DA:51,0
LF:16
LH:0
BRF:0
BRH:0
end_of_record
TN:
SF:src\database\migrations\011_create_trayectos.js
FN:7,up
FN:8,(anonymous_1)
FN:81,down
FNF:3
FNH:0
FNDA:0,up
FNDA:0,(anonymous_1)
FNDA:0,down
DA:8,0
DA:9,0
DA:14,0
DA:19,0
DA:25,0
DA:31,0
DA:37,0
DA:42,0
DA:48,0
DA:53,0
DA:60,0
DA:61,0
DA:62,0
DA:65,0
DA:72,0
DA:82,0
LF:16
LH:0
BRF:0
BRH:0
end_of_record
TN:
SF:src\database\migrations\012_create_turnos.js
FN:7,up
FN:8,(anonymous_1)
FN:39,down
FNF:3
FNH:0
FNDA:0,up
FNDA:0,(anonymous_1)
FNDA:0,down
DA:8,0
DA:10,0
DA:13,0
DA:14,0
DA:15,0
DA:18,0
DA:19,0
DA:22,0
DA:23,0
DA:26,0
DA:27,0
DA:30,0
DA:40,0
LF:13
LH:0
BRF:0
BRH:0
end_of_record
TN:
SF:src\database\migrations\013_create_secciones.js
FN:7,up
FN:8,(anonymous_1)
FN:51,down
FNF:3
FNH:0
FNDA:0,up
FNDA:0,(anonymous_1)
FNDA:0,down
DA:8,0
DA:9,0
DA:10,0
DA:11,0
DA:12,0
DA:13,0
DA:16,0
DA:17,0
DA:20,0
DA:21,0
DA:24,0
DA:25,0
DA:26,0
DA:27,0
DA:28,0
DA:31,0
DA:36,0
DA:42,0
DA:52,0
LF:19
LH:0
BRF:0
BRH:0
end_of_record
TN:
SF:src\database\migrations\014_create_unidades_curriculares.js
FN:7,up
FN:8,(anonymous_1)
FN:46,down
FNF:3
FNH:0
FNDA:0,up
FNDA:0,(anonymous_1)
FNDA:0,down
DA:8,0
DA:9,0
DA:10,0
DA:11,0
DA:12,0
DA:13,0
DA:14,0
DA:17,0
DA:18,0
DA:21,0
DA:22,0
DA:25,0
DA:26,0
DA:27,0
DA:28,0
DA:31,0
DA:37,0
DA:47,0
LF:18
LH:0
BRF:0
BRH:0
end_of_record
TN:
SF:src\database\migrations\015_unidadades_curriculares_areas_conocimiento.js
FN:7,up
FN:8,(anonymous_1)
FN:54,down
FNF:3
FNH:0
FNDA:0,up
FNDA:0,(anonymous_1)
FNDA:0,down
DA:8,0
DA:10,0
DA:14,0
DA:23,0
DA:32,0
DA:39,0
DA:41,0
DA:43,0
DA:55,0
LF:9
LH:0
BRF:0
BRH:0
end_of_record
TN:
SF:src\database\migrations\016_create_aulas.js
FN:7,up
FN:8,(anonymous_1)
FN:49,down
FNF:3
FNH:0
FNDA:0,up
FNDA:0,(anonymous_1)
FNDA:0,down
DA:8,0
DA:9,0
DA:10,0
DA:11,0
DA:12,0
DA:15,0
DA:18,0
DA:19,0
DA:22,0
DA:23,0
DA:26,0
DA:29,0
DA:35,0
DA:36,0
DA:37,0
DA:40,0
DA:50,0
LF:17
LH:0
BRF:0
BRH:0
end_of_record
TN:
SF:src\database\migrations\017_create_coordinadores.js
FN:7,up
FN:8,(anonymous_1)
FN:49,down
FNF:3
FNH:0
FNDA:0,up
FNDA:0,(anonymous_1)
FNDA:0,down
DA:8,0
DA:9,0
DA:10,0
DA:11,0
DA:14,0
DA:15,0
DA:18,0
DA:19,0
DA:22,0
DA:28,0
DA:34,0
DA:35,0
DA:36,0
DA:37,0
DA:40,0
DA:50,0
LF:16
LH:0
BRF:0
BRH:0
end_of_record
TN:
SF:src\database\migrations\018_create_horarios.js
FN:7,up
FN:8,(anonymous_1)
FN:124,down
FNF:3
FNH:0
FNDA:0,up
FNDA:0,(anonymous_1)
FNDA:0,down
DA:8,0
DA:9,0
DA:14,0
DA:18,0
DA:19,0
DA:23,0
DA:27,0
DA:38,0
DA:42,0
DA:46,0
DA:53,0
DA:56,0
DA:61,0
DA:68,0
DA:69,0
DA:70,0
DA:71,0
DA:72,0
DA:73,0
DA:76,0
DA:82,0
DA:88,0
DA:94,0
DA:102,0
DA:108,0
DA:114,0
DA:126,0
DA:127,0
DA:129,0
LF:29
LH:0
BRF:0
BRH:0
end_of_record
TN:
SF:src\database\migrations\019_create_relacion_profesor_pre_grado.js
FN:7,up
FN:8,(anonymous_1)
FN:48,down
FNF:3
FNH:0
FNDA:0,up
FNDA:0,(anonymous_1)
FNDA:0,down
DA:8,0
DA:9,0
DA:10,0
DA:11,0
DA:14,0
DA:15,0
DA:18,0
DA:19,0
DA:22,0
DA:27,0
DA:33,0
DA:34,0
DA:35,0
DA:36,0
DA:39,0
DA:49,0
LF:16
LH:0
BRF:0
BRH:0
end_of_record
TN:
SF:src\database\migrations\020_create_relacion_profesor_pos_grado.js
FN:7,up
FN:8,(anonymous_1)
FN:48,down
FNF:3
FNH:0
FNDA:0,up
FNDA:0,(anonymous_1)
FNDA:0,down
DA:8,0
DA:9,0
DA:10,0
DA:11,0
DA:14,0
DA:15,0
DA:18,0
DA:19,0
DA:22,0
DA:27,0
DA:33,0
DA:34,0
DA:35,0
DA:36,0
DA:39,0
DA:49,0
LF:16
LH:0
BRF:0
BRH:0
end_of_record
TN:
SF:src\database\migrations\021_create_profesor_area_conocimiento.js
FN:7,up
FN:8,(anonymous_1)
FN:82,down
FNF:3
FNH:0
FNDA:0,up
FNDA:0,(anonymous_1)
FNDA:0,down
DA:8,0
DA:10,0
DA:16,0
DA:20,0
DA:26,0
DA:31,0
DA:37,0
DA:42,0
DA:49,0
DA:55,0
DA:61,0
DA:68,0
DA:69,0
DA:70,0
DA:73,0
DA:83,0
LF:16
LH:0
BRF:0
BRH:0
end_of_record
TN:
SF:src\database\migrations\022_create_relacion_categoria_profesor.js
FN:7,up
FN:8,(anonymous_1)
FN:50,down
FNF:3
FNH:0
FNDA:0,up
FNDA:0,(anonymous_1)
FNDA:0,down
DA:8,0
DA:9,0
DA:10,0
DA:11,0
DA:12,0
DA:13,0
DA:16,0
DA:19,0
DA:20,0
DA:23,0
DA:28,0
DA:34,0
DA:35,0
DA:36,0
DA:37,0
DA:38,0
DA:41,0
DA:51,0
LF:18
LH:0
BRF:0
BRH:0
end_of_record
TN:
SF:src\database\migrations\023_create_relacion_dedicacion_profesor.js
FN:7,up
FN:8,(anonymous_1)
FN:50,down
FNF:3
FNH:0
FNDA:0,up
FNDA:0,(anonymous_1)
FNDA:0,down
DA:8,0
DA:9,0
DA:10,0
DA:11,0
DA:12,0
DA:13,0
DA:16,0
DA:19,0
DA:20,0
DA:23,0
DA:28,0
DA:34,0
DA:35,0
DA:36,0
DA:37,0
DA:38,0
DA:41,0
DA:51,0
LF:18
LH:0
BRF:0
BRH:0
end_of_record
TN:
SF:src\database\migrations\024_create_disponibilidad_docente.js
FN:7,up
FN:8,(anonymous_1)
FN:88,down
FNF:3
FNH:0
FNDA:0,up
FNDA:0,(anonymous_1)
FNDA:0,down
DA:8,0
DA:9,0
DA:13,0
DA:17,0
DA:28,0
DA:32,0
DA:38,0
DA:43,0
DA:49,0
DA:54,0
DA:61,0
DA:67,0
DA:74,0
DA:75,0
DA:76,0
DA:79,0
DA:89,0
LF:17
LH:0
BRF:0
BRH:0
end_of_record
TN:
SF:src\database\migrations\025_create_notifications.js
FN:7,up
FN:8,(anonymous_1)
FN:55,down
FNF:3
FNH:0
FNDA:0,up
FNDA:0,(anonymous_1)
FNDA:0,down
DA:8,0
DA:9,0
DA:10,0
DA:11,0
DA:12,0
DA:13,0
DA:14,0
DA:15,0
DA:16,0
DA:19,0
DA:20,0
DA:23,0
DA:24,0
DA:25,0
DA:28,0
DA:29,0
DA:30,0
DA:31,0
DA:32,0
DA:33,0
DA:36,0
DA:41,0
DA:46,0
DA:56,0
LF:24
LH:0
BRF:0
BRH:0
end_of_record
TN:
SF:src\database\migrations\026_create_notification_roles.js
FN:7,up
FN:8,(anonymous_1)
FN:36,down
FNF:3
FNH:0
FNDA:0,up
FNDA:0,(anonymous_1)
FNDA:0,down
DA:8,0
DA:9,0
DA:10,0
DA:13,0
DA:16,0
DA:21,0
DA:27,0
DA:37,0
LF:8
LH:0
BRF:0
BRH:0
end_of_record
TN:
SF:src\database\migrations\027_create_notification_recipients.js
FN:7,up
FN:8,(anonymous_1)
FN:51,down
FNF:3
FNH:0
FNDA:0,up
FNDA:0,(anonymous_1)
FNDA:0,down
DA:8,0
DA:9,0
DA:10,0
DA:11,0
DA:14,0
DA:15,0
DA:18,0
DA:19,0
DA:22,0
DA:25,0
DA:26,0
DA:27,0
DA:28,0
DA:31,0
DA:36,0
DA:42,0
DA:52,0
LF:17
LH:0
BRF:0
BRH:0
end_of_record
TN:
SF:src\database\migrations\028_create_logs.js
FN:7,up
FN:8,(anonymous_1)
FN:37,down
FNF:3
FNH:0
FNDA:0,up
FNDA:0,(anonymous_1)
FNDA:0,down
DA:8,0
DA:9,0
DA:10,0
DA:11,0
DA:12,0
DA:13,0
DA:14,0
DA:15,0
DA:18,0
DA:19,0
DA:22,0
DA:28,0
DA:38,0
LF:13
LH:0
BRF:0
BRH:0
end_of_record
TN:
SF:src\database\migrations\029_create_destituciones.js
FN:7,up
FN:8,(anonymous_1)
FN:60,down
FNF:3
FNH:0
FNDA:0,up
FNDA:0,(anonymous_1)
FNDA:0,down
DA:8,0
DA:10,0
DA:11,0
DA:12,0
DA:13,0
DA:14,0
DA:15,0
DA:16,0
DA:17,0
DA:20,0
DA:21,0
DA:24,0
DA:25,0
DA:28,0
DA:33,0
DA:38,0
DA:44,0
DA:45,0
DA:46,0
DA:47,0
DA:48,0
DA:51,0
DA:61,0
LF:23
LH:0
BRF:0
BRH:0
end_of_record
TN:
SF:src\database\migrations\030_create_reingresos.js
FN:7,up
FN:8,(anonymous_1)
FN:82,down
FNF:3
FNH:0
FNDA:0,up
FNDA:0,(anonymous_1)
FNDA:0,down
DA:8,0
DA:10,0
DA:11,0
DA:12,0
DA:15,0
DA:16,0
DA:17,0
DA:18,0
DA:19,0
DA:20,0
DA:23,0
DA:26,0
DA:29,0
DA:30,0
DA:33,0
DA:34,0
DA:37,0
DA:38,0
DA:41,0
DA:46,0
DA:51,0
DA:56,0
DA:61,0
DA:67,0
DA:68,0
DA:69,0
DA:70,0
DA:71,0
DA:72,0
DA:73,0
DA:74,0
DA:83,0
LF:32
LH:0
BRF:0
BRH:0
end_of_record
TN:
SF:src\database\migrations\031_create_usuario_rol.js
FN:7,up
FN:8,(anonymous_1)
FN:38,down
FNF:3
FNH:0
FNDA:0,up
FNDA:0,(anonymous_1)
FNDA:0,down
DA:8,0
DA:9,0
DA:10,0
DA:11,0
DA:12,0
DA:15,0
DA:18,0
DA:23,0
DA:29,0
DA:39,0
LF:10
LH:0
BRF:0
BRH:0
end_of_record
TN:
SF:src\database\seeds\001_initial_data.js
FN:3,seed
FNF:1
FNH:0
FNDA:0,seed
DA:5,0
DA:6,0
DA:7,0
DA:8,0
DA:9,0
DA:10,0
DA:11,0
DA:12,0
DA:13,0
DA:14,0
DA:15,0
DA:16,0
DA:18,0
DA:36,0
DA:49,0
DA:51,0
DA:59,0
DA:94,0
LF:18
LH:0
BRF:0
BRH:0
end_of_record
TN:
SF:src\middlewares\auth.js
FN:30,(anonymous_0)
FN:37,(anonymous_1)
FN:152,(anonymous_2)
FN:155,(anonymous_3)
FN:204,(anonymous_4)
FN:228,extractToken
FN:272,extractSocketToken
FN:289,validateTokenClaims
FN:309,checkUserRoles
FN:320,(anonymous_9)
FN:326,validateSocketRoles
FN:351,handleAuthError
FN:411,(anonymous_12)
FN:447,(anonymous_13)
FN:454,(anonymous_14)
FNF:15
FNH:0
FNDA:0,(anonymous_0)
FNDA:0,(anonymous_1)
FNDA:0,(anonymous_2)
FNDA:0,(anonymous_3)
FNDA:0,(anonymous_4)
FNDA:0,extractToken
FNDA:0,extractSocketToken
FNDA:0,validateTokenClaims
FNDA:0,checkUserRoles
FNDA:0,(anonymous_9)
FNDA:0,validateSocketRoles
FNDA:0,handleAuthError
FNDA:0,(anonymous_12)
FNDA:0,(anonymous_13)
FNDA:0,(anonymous_14)
DA:30,0
DA:35,0
DA:37,0
DA:38,0
DA:40,0
DA:43,0
DA:44,0
DA:48,0
DA:49,0
DA:63,0
DA:64,0
DA:66,0
DA:67,0
DA:70,0
DA:77,0
DA:80,0
DA:83,0
DA:101,0
DA:102,0
DA:114,0
DA:115,0
DA:117,0
DA:118,0
DA:134,0
DA:135,0
DA:138,0
DA:142,0
DA:152,0
DA:153,0
DA:155,0
DA:156,0
DA:158,0
DA:159,0
DA:163,0
DA:166,0
DA:167,0
DA:168,0
DA:172,0
DA:173,0
DA:175,0
DA:183,0
DA:186,0
DA:201,0
DA:204,0
DA:205,0
DA:208,0
DA:211,0
DA:214,0
DA:215,0
DA:216,0
DA:229,0
DA:230,0
DA:232,0
DA:235,0
DA:236,0
DA:237,0
DA:241,0
DA:242,0
DA:243,0
DA:245,0
DA:250,0
DA:251,0
DA:254,0
DA:255,0
DA:256,0
DA:258,0
DA:262,0
DA:263,0
DA:266,0
DA:273,0
DA:274,0
DA:277,0
DA:278,0
DA:280,0
DA:283,0
DA:291,0
DA:292,0
DA:296,0
DA:297,0
DA:301,0
DA:302,0
DA:310,0
DA:311,0
DA:315,0
DA:316,0
DA:320,0
DA:327,0
DA:328,0
DA:331,0
DA:333,0
DA:334,0
DA:345,0
DA:353,0
DA:354,0
DA:355,0
DA:359,0
DA:371,0
DA:372,0
DA:379,0
DA:382,0
DA:383,0
DA:389,0
DA:392,0
DA:393,0
DA:399,0
DA:403,0
DA:404,0
DA:405,0
DA:411,0
DA:412,0
DA:413,0
DA:415,0
DA:416,0
DA:428,0
DA:429,0
DA:432,0
DA:433,0
DA:447,0
DA:448,0
DA:454,0
DA:455,0
DA:456,0
DA:458,0
DA:474,0
DA:478,0
LF:125
LH:0
BRDA:30,0,0,0
BRDA:30,1,0,0
BRDA:32,2,0,0
BRDA:33,3,0,0
BRDA:34,4,0,0
BRDA:43,5,0,0
BRDA:43,5,1,0
BRDA:43,6,0,0
BRDA:43,6,1,0
BRDA:48,7,0,0
BRDA:48,7,1,0
BRDA:63,8,0,0
BRDA:63,8,1,0
BRDA:64,9,0,0
BRDA:64,9,1,0
BRDA:66,10,0,0
BRDA:66,10,1,0
BRDA:66,11,0,0
BRDA:66,11,1,0
BRDA:66,11,2,0
BRDA:73,12,0,0
BRDA:73,12,1,0
BRDA:84,13,0,0
BRDA:84,13,1,0
BRDA:85,14,0,0
BRDA:85,14,1,0
BRDA:89,15,0,0
BRDA:89,15,1,0
BRDA:89,16,0,0
BRDA:89,16,1,0
BRDA:94,17,0,0
BRDA:94,17,1,0
BRDA:95,18,0,0
BRDA:95,18,1,0
BRDA:96,19,0,0
BRDA:96,19,1,0
BRDA:101,20,0,0
BRDA:101,20,1,0
BRDA:101,21,0,0
BRDA:101,21,1,0
BRDA:114,22,0,0
BRDA:114,22,1,0
BRDA:114,23,0,0
BRDA:114,23,1,0
BRDA:117,24,0,0
BRDA:117,24,1,0
BRDA:134,25,0,0
BRDA:134,25,1,0
BRDA:135,26,0,0
BRDA:135,26,1,0
BRDA:152,27,0,0
BRDA:152,28,0,0
BRDA:153,29,0,0
BRDA:158,30,0,0
BRDA:158,30,1,0
BRDA:166,31,0,0
BRDA:166,31,1,0
BRDA:172,32,0,0
BRDA:172,32,1,0
BRDA:173,33,0,0
BRDA:173,33,1,0
BRDA:178,34,0,0
BRDA:178,34,1,0
BRDA:187,35,0,0
BRDA:187,35,1,0
BRDA:188,36,0,0
BRDA:188,36,1,0
BRDA:192,37,0,0
BRDA:192,37,1,0
BRDA:192,38,0,0
BRDA:192,38,1,0
BRDA:195,39,0,0
BRDA:195,39,1,0
BRDA:196,40,0,0
BRDA:196,40,1,0
BRDA:208,41,0,0
BRDA:208,41,1,0
BRDA:228,42,0,0
BRDA:232,43,0,0
BRDA:232,43,1,0
BRDA:232,43,2,0
BRDA:232,43,3,0
BRDA:235,44,0,0
BRDA:235,44,1,0
BRDA:236,45,0,0
BRDA:236,45,1,0
BRDA:241,46,0,0
BRDA:241,46,1,0
BRDA:241,47,0,0
BRDA:241,47,1,0
BRDA:250,48,0,0
BRDA:250,48,1,0
BRDA:251,49,0,0
BRDA:251,49,1,0
BRDA:254,50,0,0
BRDA:254,50,1,0
BRDA:254,51,0,0
BRDA:254,51,1,0
BRDA:254,51,2,0
BRDA:262,52,0,0
BRDA:262,52,1,0
BRDA:274,53,0,0
BRDA:274,53,1,0
BRDA:278,54,0,0
BRDA:278,54,1,0
BRDA:291,55,0,0
BRDA:291,55,1,0
BRDA:291,56,0,0
BRDA:291,56,1,0
BRDA:296,57,0,0
BRDA:296,57,1,0
BRDA:296,58,0,0
BRDA:296,58,1,0
BRDA:301,59,0,0
BRDA:301,59,1,0
BRDA:301,60,0,0
BRDA:301,60,1,0
BRDA:310,61,0,0
BRDA:310,61,1,0
BRDA:310,62,0,0
BRDA:310,62,1,0
BRDA:315,63,0,0
BRDA:315,63,1,0
BRDA:327,64,0,0
BRDA:327,64,1,0
BRDA:327,65,0,0
BRDA:327,65,1,0
BRDA:327,65,2,0
BRDA:333,66,0,0
BRDA:333,66,1,0
BRDA:353,67,0,0
BRDA:353,67,1,0
BRDA:371,68,0,0
BRDA:371,68,1,0
BRDA:376,69,0,0
BRDA:376,69,1,0
BRDA:377,70,0,0
BRDA:377,70,1,0
BRDA:382,71,0,0
BRDA:382,71,1,0
BRDA:387,72,0,0
BRDA:387,72,1,0
BRDA:392,73,0,0
BRDA:392,73,1,0
BRDA:392,74,0,0
BRDA:392,74,1,0
BRDA:397,75,0,0
BRDA:397,75,1,0
BRDA:404,76,0,0
BRDA:404,76,1,0
BRDA:413,77,0,0
BRDA:413,77,1,0
BRDA:415,78,0,0
BRDA:415,78,1,0
BRDA:454,79,0,0
BRDA:455,80,0,0
BRDA:455,80,1,0
BRDA:456,81,0,0
BRDA:456,81,1,0
BRDA:459,82,0,0
BRDA:459,82,1,0
BRDA:460,83,0,0
BRDA:460,83,1,0
BRDA:461,84,0,0
BRDA:461,84,1,0
BRDA:462,85,0,0
BRDA:462,85,1,0
BRDA:463,86,0,0
BRDA:463,86,1,0
BRDA:464,87,0,0
BRDA:464,87,1,0
BRDA:465,88,0,0
BRDA:465,88,1,0
BRDA:466,89,0,0
BRDA:466,89,1,0
BRDA:474,90,0,0
BRDA:474,90,1,0
BRF:177
BRH:0
end_of_record
TN:
SF:src\middlewares\files.js
FN:11,(anonymous_0)
FN:23,(anonymous_1)
FN:29,(anonymous_2)
FN:57,(anonymous_3)
FN:75,(anonymous_4)
FN:78,(anonymous_5)
FN:88,(anonymous_6)
FN:110,(anonymous_7)
FN:113,(anonymous_8)
FN:149,(anonymous_9)
FNF:10
FNH:0
FNDA:0,(anonymous_0)
FNDA:0,(anonymous_1)
FNDA:0,(anonymous_2)
FNDA:0,(anonymous_3)
FNDA:0,(anonymous_4)
FNDA:0,(anonymous_5)
FNDA:0,(anonymous_6)
FNDA:0,(anonymous_7)
FNDA:0,(anonymous_8)
FNDA:0,(anonymous_9)
DA:11,0
DA:12,0
DA:13,0
DA:23,0
DA:24,0
DA:25,0
DA:28,0
DA:29,0
DA:30,0
DA:32,0
DA:33,0
DA:38,0
DA:57,0
DA:64,0
DA:67,0
DA:68,0
DA:71,0
DA:74,0
DA:76,0
DA:79,0
DA:83,0
DA:88,0
DA:90,0
DA:93,0
DA:96,0
DA:97,0
DA:108,0
DA:109,0
DA:110,0
DA:113,0
DA:114,0
DA:117,0
DA:121,0
DA:134,0
DA:135,0
DA:138,0
DA:149,0
DA:150,0
DA:152,0
DA:154,0
DA:159,0
DA:164,0
DA:169,0
DA:174,0
DA:176,0
DA:182,0
LF:46
LH:0
BRDA:12,0,0,0
BRDA:12,0,1,0
BRDA:23,1,0,0
BRDA:24,2,0,0
BRDA:24,2,1,0
BRDA:57,3,0,0
BRDA:59,4,0,0
BRDA:60,5,0,0
BRDA:61,6,0,0
BRDA:62,7,0,0
BRDA:63,8,0,0
BRDA:67,9,0,0
BRDA:67,9,1,0
BRDA:81,10,0,0
BRDA:81,10,1,0
BRDA:90,11,0,0
BRDA:90,11,1,0
BRDA:93,12,0,0
BRDA:93,12,1,0
BRDA:96,13,0,0
BRDA:96,13,1,0
BRDA:110,14,0,0
BRDA:110,14,1,0
BRDA:113,15,0,0
BRDA:113,15,1,0
BRDA:125,16,0,0
BRDA:125,16,1,0
BRDA:134,17,0,0
BRDA:134,17,1,0
BRDA:150,18,0,0
BRDA:150,18,1,0
BRDA:152,19,0,0
BRDA:152,19,1,0
BRDA:152,19,2,0
BRDA:152,19,3,0
BRDA:174,20,0,0
BRDA:174,20,1,0
BRF:37
BRH:0
end_of_record
TN:
SF:src\middlewares\process.js
FN:20,(anonymous_0)
FN:28,(anonymous_1)
FN:80,(anonymous_2)
FNF:3
FNH:0
FNDA:0,(anonymous_0)
FNDA:0,(anonymous_1)
FNDA:0,(anonymous_2)
DA:20,0
DA:21,0
DA:24,0
DA:26,0
DA:28,0
DA:29,0
DA:30,0
DA:40,0
DA:43,0
DA:80,0
DA:82,0
DA:84,0
DA:92,0
DA:103,0
LF:14
LH:0
BRDA:24,0,0,0
BRDA:24,0,1,0
BRDA:26,1,0,0
BRDA:26,1,1,0
BRDA:26,2,0,0
BRDA:26,2,1,0
BRDA:82,3,0,0
BRDA:82,3,1,0
BRDA:82,4,0,0
BRDA:82,4,1,0
BRDA:82,4,2,0
BRF:11
BRH:0
end_of_record
TN:
SF:src\middlewares\rate-limiting.js
FN:4,createRateLimiter
FN:43,(anonymous_1)
FN:54,(anonymous_2)
FN:60,(anonymous_3)
FN:87,dynamicRateLimiter
FNF:5
FNH:0
FNDA:0,createRateLimiter
FNDA:0,(anonymous_1)
FNDA:0,(anonymous_2)
FNDA:0,(anonymous_3)
FNDA:0,dynamicRateLimiter
DA:5,0
DA:9,0
DA:11,0
DA:12,0
DA:14,0
DA:15,0
DA:17,0
DA:18,0
DA:20,0
DA:21,0
DA:23,0
DA:24,0
DA:26,0
DA:30,0
DA:44,0
DA:55,0
DA:56,0
DA:62,0
DA:65,0
DA:69,0
DA:70,0
DA:73,0
DA:79,0
DA:80,0
DA:81,0
DA:82,0
DA:83,0
DA:84,0
DA:88,0
DA:91,0
DA:92,0
DA:93,0
DA:94,0
DA:95,0
DA:96,0
DA:97,0
DA:98,0
DA:99,0
DA:100,0
DA:101,0
DA:102,0
DA:103,0
DA:104,0
DA:106,0
LF:44
LH:0
BRDA:4,0,0,0
BRDA:9,1,0,0
BRDA:9,1,1,0
BRDA:9,1,2,0
BRDA:9,1,3,0
BRDA:9,1,4,0
BRDA:9,1,5,0
BRDA:35,2,0,0
BRDA:35,2,1,0
BRDA:55,3,0,0
BRDA:55,3,1,0
BRDA:62,4,0,0
BRDA:62,4,1,0
BRDA:69,5,0,0
BRDA:69,5,1,0
BRDA:69,6,0,0
BRDA:69,6,1,0
BRDA:91,7,0,0
BRDA:91,7,1,0
BRDA:93,8,0,0
BRDA:93,8,1,0
BRDA:95,9,0,0
BRDA:95,9,1,0
BRDA:97,10,0,0
BRDA:97,10,1,0
BRDA:97,11,0,0
BRDA:97,11,1,0
BRDA:99,12,0,0
BRDA:99,12,1,0
BRDA:99,13,0,0
BRDA:99,13,1,0
BRDA:101,14,0,0
BRDA:101,14,1,0
BRDA:101,15,0,0
BRDA:101,15,1,0
BRDA:103,16,0,0
BRDA:103,16,1,0
BRF:37
BRH:0
end_of_record
TN:
SF:src\middlewares\security.js
FN:16,securityMiddleware
FN:24,(anonymous_1)
FN:46,getCorsConfig
FN:52,(anonymous_3)
FN:116,handleCorsError
FN:150,applySecurityHeaders
FN:178,applyAdditionalSecurityHeaders
FN:209,logSecurityEvent
FN:233,apiSecurityMiddleware
FN:242,(anonymous_9)
FN:262,webhookSecurityMiddleware
FN:277,(anonymous_11)
FN:296,requestIdMiddleware
FN:309,securityValidationMiddleware
FN:324,(anonymous_14)
FN:336,validateSecurityConfig
FNF:16
FNH:0
FNDA:0,securityMiddleware
FNDA:0,(anonymous_1)
FNDA:0,getCorsConfig
FNDA:0,(anonymous_3)
FNDA:0,handleCorsError
FNDA:0,applySecurityHeaders
FNDA:0,applyAdditionalSecurityHeaders
FNDA:0,logSecurityEvent
FNDA:0,apiSecurityMiddleware
FNDA:0,(anonymous_9)
FNDA:0,webhookSecurityMiddleware
FNDA:0,(anonymous_11)
FNDA:0,requestIdMiddleware
FNDA:0,securityValidationMiddleware
FNDA:0,(anonymous_14)
FNDA:0,validateSecurityConfig
DA:17,0
DA:18,0
DA:21,0
DA:24,0
DA:25,0
DA:26,0
DA:30,0
DA:33,0
DA:36,0
DA:38,0
DA:47,0
DA:48,0
DA:49,0
DA:51,0
DA:54,0
DA:59,0
DA:60,0
DA:62,0
DA:66,0
DA:71,0
DA:75,0
DA:76,0
DA:77,0
DA:81,0
DA:86,0
DA:87,0
DA:90,0
DA:117,0
DA:118,0
DA:121,0
DA:134,0
DA:135,0
DA:143,0
DA:151,0
DA:154,0
DA:155,0
DA:156,0
DA:160,0
DA:161,0
DA:164,0
DA:165,0
DA:169,0
DA:170,0
DA:179,0
DA:182,0
DA:183,0
DA:187,0
DA:190,0
DA:191,0
DA:195,0
DA:196,0
DA:200,0
DA:201,0
DA:210,0
DA:212,0
DA:213,0
DA:223,0
DA:234,0
DA:242,0
DA:243,0
DA:244,0
DA:252,0
DA:253,0
DA:255,0
DA:263,0
DA:264,0
DA:277,0
DA:278,0
DA:279,0
DA:286,0
DA:287,0
DA:289,0
DA:297,0
DA:300,0
DA:301,0
DA:303,0
DA:310,0
DA:311,0
DA:314,0
DA:315,0
DA:320,0
DA:323,0
DA:324,0
DA:325,0
DA:326,0
DA:327,0
DA:330,0
DA:337,0
DA:338,0
DA:340,0
DA:343,0
DA:344,0
DA:348,0
DA:349,0
DA:352,0
DA:353,0
DA:357,0
DA:358,0
DA:361,0
DA:364,0
DA:368,0
LF:101
LH:0
BRDA:17,0,0,0
BRDA:17,0,1,0
BRDA:18,1,0,0
BRDA:18,1,1,0
BRDA:25,2,0,0
BRDA:25,2,1,0
BRDA:47,3,0,0
BRDA:47,3,1,0
BRDA:48,4,0,0
BRDA:48,4,1,0
BRDA:49,5,0,0
BRDA:49,5,1,0
BRDA:54,6,0,0
BRDA:54,6,1,0
BRDA:55,7,0,0
BRDA:55,7,1,0
BRDA:55,7,2,0
BRDA:59,8,0,0
BRDA:59,8,1,0
BRDA:60,9,0,0
BRDA:60,9,1,0
BRDA:66,10,0,0
BRDA:66,10,1,0
BRDA:67,11,0,0
BRDA:67,11,1,0
BRDA:67,11,2,0
BRDA:75,12,0,0
BRDA:75,12,1,0
BRDA:76,13,0,0
BRDA:76,13,1,0
BRDA:81,14,0,0
BRDA:81,14,1,0
BRDA:82,15,0,0
BRDA:82,15,1,0
BRDA:82,15,2,0
BRDA:94,16,0,0
BRDA:94,16,1,0
BRDA:95,17,0,0
BRDA:95,17,1,0
BRDA:105,18,0,0
BRDA:105,18,1,0
BRDA:107,19,0,0
BRDA:107,19,1,0
BRDA:108,20,0,0
BRDA:108,20,1,0
BRDA:117,21,0,0
BRDA:117,21,1,0
BRDA:118,22,0,0
BRDA:118,22,1,0
BRDA:126,23,0,0
BRDA:126,23,1,0
BRDA:134,24,0,0
BRDA:134,24,1,0
BRDA:134,25,0,0
BRDA:134,25,1,0
BRDA:151,26,0,0
BRDA:151,26,1,0
BRDA:155,27,0,0
BRDA:155,27,1,0
BRDA:164,28,0,0
BRDA:164,28,1,0
BRDA:169,29,0,0
BRDA:169,29,1,0
BRDA:179,30,0,0
BRDA:179,30,1,0
BRDA:182,31,0,0
BRDA:182,31,1,0
BRDA:182,32,0,0
BRDA:182,32,1,0
BRDA:190,33,0,0
BRDA:190,33,1,0
BRDA:195,34,0,0
BRDA:195,34,1,0
BRDA:200,35,0,0
BRDA:200,35,1,0
BRDA:200,36,0,0
BRDA:200,36,1,0
BRDA:210,37,0,0
BRDA:210,37,1,0
BRDA:212,38,0,0
BRDA:212,38,1,0
BRDA:212,39,0,0
BRDA:212,39,1,0
BRDA:217,40,0,0
BRDA:217,40,1,0
BRDA:218,41,0,0
BRDA:218,41,1,0
BRDA:219,42,0,0
BRDA:219,42,1,0
BRDA:243,43,0,0
BRDA:243,43,1,0
BRDA:252,44,0,0
BRDA:252,44,1,0
BRDA:263,45,0,0
BRDA:263,45,1,0
BRDA:265,46,0,0
BRDA:265,46,1,0
BRDA:278,47,0,0
BRDA:278,47,1,0
BRDA:297,48,0,0
BRDA:297,48,1,0
BRDA:310,49,0,0
BRDA:310,49,1,0
BRDA:311,50,0,0
BRDA:311,50,1,0
BRDA:314,51,0,0
BRDA:314,51,1,0
BRDA:315,52,0,0
BRDA:315,52,1,0
BRDA:337,53,0,0
BRDA:337,53,1,0
BRDA:338,54,0,0
BRDA:338,54,1,0
BRDA:343,55,0,0
BRDA:343,55,1,0
BRDA:343,56,0,0
BRDA:343,56,1,0
BRDA:348,57,0,0
BRDA:348,57,1,0
BRDA:352,58,0,0
BRDA:352,58,1,0
BRDA:357,59,0,0
BRDA:357,59,1,0
BRDA:361,60,0,0
BRDA:361,60,1,0
BRF:125
BRH:0
end_of_record
TN:
SF:src\models\admin.model.js
FN:21,(anonymous_0)
FN:79,(anonymous_1)
FN:230,(anonymous_2)
FN:279,(anonymous_3)
FN:329,(anonymous_4)
FN:389,(anonymous_5)
FN:455,(anonymous_6)
FN:518,(anonymous_7)
FN:551,(anonymous_8)
FN:585,(anonymous_9)
FN:624,(anonymous_10)
FN:655,(anonymous_11)
FN:706,(anonymous_12)
FN:759,(anonymous_13)
FN:791,(anonymous_14)
FN:822,(anonymous_15)
FNF:16
FNH:0
FNDA:0,(anonymous_0)
FNDA:0,(anonymous_1)
FNDA:0,(anonymous_2)
FNDA:0,(anonymous_3)
FNDA:0,(anonymous_4)
FNDA:0,(anonymous_5)
FNDA:0,(anonymous_6)
FNDA:0,(anonymous_7)
FNDA:0,(anonymous_8)
FNDA:0,(anonymous_9)
FNDA:0,(anonymous_10)
FNDA:0,(anonymous_11)
FNDA:0,(anonymous_12)
FNDA:0,(anonymous_13)
FNDA:0,(anonymous_14)
FNDA:0,(anonymous_15)
DA:22,0
DA:36,0
DA:38,0
DA:40,0
DA:55,0
DA:56,0
DA:58,0
DA:63,0
DA:64,0
DA:80,0
DA:81,0
DA:104,0
DA:105,0
DA:110,0
DA:111,0
DA:112,0
DA:113,0
DA:117,0
DA:118,0
DA:119,0
DA:120,0
DA:126,0
DA:127,0
DA:128,0
DA:129,0
DA:133,0
DA:134,0
DA:135,0
DA:136,0
DA:137,0
DA:138,0
DA:142,0
DA:143,0
DA:144,0
DA:145,0
DA:149,0
DA:150,0
DA:151,0
DA:152,0
DA:157,0
DA:159,0
DA:170,0
DA:177,0
DA:179,0
DA:182,0
DA:187,0
DA:188,0
DA:189,0
DA:193,0
DA:194,0
DA:195,0
DA:197,0
DA:198,0
DA:199,0
DA:202,0
DA:203,0
DA:206,0
DA:208,0
DA:213,0
DA:214,0
DA:215,0
DA:231,0
DA:232,0
DA:255,0
DA:257,0
DA:258,0
DA:263,0
DA:264,0
DA:280,0
DA:281,0
DA:304,0
DA:306,0
DA:308,0
DA:313,0
DA:314,0
DA:330,0
DA:331,0
DA:361,0
DA:362,0
DA:364,0
DA:366,0
DA:371,0
DA:372,0
DA:390,0
DA:392,0
DA:393,0
DA:396,0
DA:408,0
DA:409,0
DA:410,0
DA:411,0
DA:415,0
DA:416,0
DA:423,0
DA:425,0
DA:431,0
DA:433,0
DA:438,0
DA:439,0
DA:456,0
DA:458,0
DA:459,0
DA:462,0
DA:471,0
DA:472,0
DA:473,0
DA:474,0
DA:478,0
DA:479,0
DA:486,0
DA:488,0
DA:494,0
DA:496,0
DA:501,0
DA:502,0
DA:519,0
DA:520,0
DA:525,0
DA:527,0
DA:529,0
DA:534,0
DA:535,0
DA:552,0
DA:553,0
DA:558,0
DA:560,0
DA:562,0
DA:567,0
DA:568,0
DA:586,0
DA:588,0
DA:592,0
DA:594,0
DA:596,0
DA:601,0
DA:607,0
DA:625,0
DA:626,0
DA:630,0
DA:632,0
DA:634,0
DA:639,0
DA:640,0
DA:656,0
DA:657,0
DA:681,0
DA:683,0
DA:685,0
DA:690,0
DA:691,0
DA:707,0
DA:708,0
DA:732,0
DA:734,0
DA:736,0
DA:737,0
DA:742,0
DA:743,0
DA:760,0
DA:761,0
DA:766,0
DA:768,0
DA:770,0
DA:775,0
DA:776,0
DA:792,0
DA:793,0
DA:798,0
DA:800,0
DA:802,0
DA:807,0
DA:808,0
DA:823,0
DA:824,0
DA:831,0
DA:833,0
DA:838,0
DA:839,0
LF:178
LH:0
BRDA:32,0,0,0
BRDA:33,1,0,0
BRDA:79,2,0,0
BRDA:110,3,0,0
BRDA:110,3,1,0
BRDA:117,4,0,0
BRDA:117,4,1,0
BRDA:117,5,0,0
BRDA:117,5,1,0
BRDA:121,6,0,0
BRDA:121,6,1,0
BRDA:126,7,0,0
BRDA:126,7,1,0
BRDA:133,8,0,0
BRDA:133,8,1,0
BRDA:142,9,0,0
BRDA:142,9,1,0
BRDA:149,10,0,0
BRDA:149,10,1,0
BRDA:157,11,0,0
BRDA:157,11,1,0
BRDA:170,12,0,0
BRDA:170,12,1,0
BRDA:177,13,0,0
BRDA:177,13,1,0
BRDA:187,14,0,0
BRDA:187,14,1,0
BRDA:189,15,0,0
BRDA:189,15,1,0
BRDA:409,16,0,0
BRDA:409,16,1,0
BRDA:409,17,0,0
BRDA:409,17,1,0
BRDA:415,18,0,0
BRDA:415,18,1,0
BRDA:472,19,0,0
BRDA:472,19,1,0
BRDA:472,20,0,0
BRDA:472,20,1,0
BRDA:478,21,0,0
BRDA:478,21,1,0
BRDA:736,22,0,0
BRDA:736,22,1,0
BRF:43
BRH:0
end_of_record
TN:
SF:src\models\aulas.model.js
FN:21,(anonymous_0)
FN:58,(anonymous_1)
FN:162,(anonymous_2)
FN:212,(anonymous_3)
FN:278,(anonymous_4)
FN:310,(anonymous_5)
FN:358,(anonymous_6)
FN:468,(anonymous_7)
FNF:8
FNH:0
FNDA:0,(anonymous_0)
FNDA:0,(anonymous_1)
FNDA:0,(anonymous_2)
FNDA:0,(anonymous_3)
FNDA:0,(anonymous_4)
FNDA:0,(anonymous_5)
FNDA:0,(anonymous_6)
FNDA:0,(anonymous_7)
DA:22,0
DA:23,0
DA:24,0
DA:26,0
DA:34,0
DA:35,0
DA:37,0
DA:42,0
DA:43,0
DA:59,0
DA:60,0
DA:74,0
DA:79,0
DA:80,0
DA:81,0
DA:85,0
DA:86,0
DA:87,0
DA:91,0
DA:92,0
DA:93,0
DA:97,0
DA:98,0
DA:99,0
DA:104,0
DA:106,0
DA:112,0
DA:116,0
DA:119,0
DA:122,0
DA:127,0
DA:128,0
DA:129,0
DA:133,0
DA:135,0
DA:139,0
DA:141,0
DA:146,0
DA:147,0
DA:163,0
DA:164,0
DA:185,0
DA:187,0
DA:189,0
DA:194,0
DA:195,0
DA:213,0
DA:215,0
DA:216,0
DA:219,0
DA:229,0
DA:230,0
DA:231,0
DA:232,0
DA:236,0
DA:237,0
DA:244,0
DA:246,0
DA:254,0
DA:256,0
DA:261,0
DA:262,0
DA:279,0
DA:280,0
DA:285,0
DA:287,0
DA:289,0
DA:294,0
DA:295,0
DA:311,0
DA:312,0
DA:328,0
DA:330,0
DA:332,0
DA:337,0
DA:338,0
DA:359,0
DA:360,0
DA:361,0
DA:362,0
DA:363,0
DA:364,0
DA:367,0
DA:375,0
DA:377,0
DA:378,0
DA:379,0
DA:382,0
DA:383,0
DA:384,0
DA:389,0
DA:393,0
DA:398,0
DA:406,0
DA:423,0
DA:424,0
DA:427,0
DA:428,0
DA:431,0
DA:432,0
DA:433,0
DA:435,0
DA:447,0
DA:452,0
DA:453,0
DA:469,0
DA:470,0
DA:474,0
DA:476,0
DA:481,0
DA:482,0
LF:111
LH:0
BRDA:32,0,0,0
BRDA:32,0,1,0
BRDA:58,1,0,0
BRDA:79,2,0,0
BRDA:79,2,1,0
BRDA:85,3,0,0
BRDA:85,3,1,0
BRDA:91,4,0,0
BRDA:91,4,1,0
BRDA:97,5,0,0
BRDA:97,5,1,0
BRDA:104,6,0,0
BRDA:104,6,1,0
BRDA:112,7,0,0
BRDA:112,7,1,0
BRDA:116,8,0,0
BRDA:116,8,1,0
BRDA:127,9,0,0
BRDA:127,9,1,0
BRDA:129,10,0,0
BRDA:129,10,1,0
BRDA:230,11,0,0
BRDA:230,11,1,0
BRDA:230,12,0,0
BRDA:230,12,1,0
BRDA:236,13,0,0
BRDA:236,13,1,0
BRDA:358,14,0,0
BRDA:360,15,0,0
BRDA:360,15,1,0
BRDA:361,16,0,0
BRDA:361,16,1,0
BRDA:363,17,0,0
BRDA:363,17,1,0
BRDA:364,18,0,0
BRDA:364,18,1,0
BRDA:375,19,0,0
BRDA:375,19,1,0
BRDA:382,20,0,0
BRDA:382,20,1,0
BRDA:393,21,0,0
BRDA:393,21,1,0
BRF:42
BRH:0
end_of_record
TN:
SF:src\models\coordinador.model.js
FN:22,(anonymous_0)
FN:50,(anonymous_1)
FN:107,(anonymous_2)
FN:163,(anonymous_3)
FN:303,(anonymous_4)
FN:351,(anonymous_5)
FN:381,(anonymous_6)
FN:525,(anonymous_7)
FN:613,(anonymous_8)
FN:644,(anonymous_9)
FN:677,(anonymous_10)
FN:750,(anonymous_11)
FN:799,(anonymous_12)
FN:845,(anonymous_13)
FN:888,(anonymous_14)
FNF:15
FNH:0
FNDA:0,(anonymous_0)
FNDA:0,(anonymous_1)
FNDA:0,(anonymous_2)
FNDA:0,(anonymous_3)
FNDA:0,(anonymous_4)
FNDA:0,(anonymous_5)
FNDA:0,(anonymous_6)
FNDA:0,(anonymous_7)
FNDA:0,(anonymous_8)
FNDA:0,(anonymous_9)
FNDA:0,(anonymous_10)
FNDA:0,(anonymous_11)
FNDA:0,(anonymous_12)
FNDA:0,(anonymous_13)
FNDA:0,(anonymous_14)
DA:23,0
DA:24,0
DA:25,0
DA:26,0
DA:27,0
DA:29,0
DA:34,0
DA:35,0
DA:51,0
DA:52,0
DA:57,0
DA:75,0
DA:77,0
DA:78,0
DA:80,0
DA:94,0
DA:95,0
DA:108,0
DA:109,0
DA:114,0
DA:129,0
DA:131,0
DA:132,0
DA:133,0
DA:136,0
DA:137,0
DA:139,0
DA:150,0
DA:151,0
DA:164,0
DA:165,0
DA:170,0
DA:268,0
DA:270,0
DA:271,0
DA:277,0
DA:282,0
DA:286,0
DA:289,0
DA:304,0
DA:305,0
DA:307,0
DA:326,0
DA:328,0
DA:333,0
DA:334,0
DA:335,0
DA:352,0
DA:353,0
DA:354,0
DA:355,0
DA:357,0
DA:358,0
DA:359,0
DA:364,0
DA:365,0
DA:366,0
DA:382,0
DA:383,0
DA:414,0
DA:415,0
DA:420,0
DA:421,0
DA:422,0
DA:423,0
DA:429,0
DA:430,0
DA:431,0
DA:432,0
DA:436,0
DA:437,0
DA:438,0
DA:439,0
DA:441,0
DA:442,0
DA:443,0
DA:447,0
DA:448,0
DA:449,0
DA:450,0
DA:454,0
DA:455,0
DA:456,0
DA:457,0
DA:462,0
DA:464,0
DA:475,0
DA:482,0
DA:484,0
DA:487,0
DA:492,0
DA:493,0
DA:494,0
DA:498,0
DA:499,0
DA:500,0
DA:502,0
DA:503,0
DA:504,0
DA:505,0
DA:510,0
DA:512,0
DA:517,0
DA:518,0
DA:526,0
DA:527,0
DA:528,0
DA:529,0
DA:532,0
DA:533,0
DA:534,0
DA:535,0
DA:538,0
DA:539,0
DA:540,0
DA:541,0
DA:544,0
DA:545,0
DA:546,0
DA:547,0
DA:551,0
DA:552,0
DA:560,0
DA:564,0
DA:565,0
DA:567,0
DA:571,0
DA:572,0
DA:573,0
DA:577,0
DA:578,0
DA:579,0
DA:581,0
DA:582,0
DA:583,0
DA:584,0
DA:588,0
DA:590,0
DA:595,0
DA:598,0
DA:614,0
DA:615,0
DA:619,0
DA:621,0
DA:623,0
DA:628,0
DA:629,0
DA:645,0
DA:646,0
DA:650,0
DA:652,0
DA:654,0
DA:659,0
DA:660,0
DA:678,0
DA:680,0
DA:681,0
DA:682,0
DA:685,0
DA:693,0
DA:694,0
DA:695,0
DA:696,0
DA:697,0
DA:701,0
DA:702,0
DA:709,0
DA:710,0
DA:711,0
DA:712,0
DA:714,0
DA:722,0
DA:724,0
DA:729,0
DA:730,0
DA:758,0
DA:759,0
DA:760,0
DA:769,0
DA:771,0
DA:776,0
DA:777,0
DA:809,0
DA:810,0
DA:811,0
DA:822,0
DA:824,0
DA:829,0
DA:830,0
DA:846,0
DA:847,0
DA:863,0
DA:865,0
DA:870,0
DA:873,0
DA:889,0
DA:890,0
DA:895,0
DA:897,0
DA:899,0
DA:904,0
DA:905,0
LF:202
LH:0
BRDA:131,0,0,0
BRDA:131,0,1,0
BRDA:270,1,0,0
BRDA:270,1,1,0
BRDA:381,2,0,0
BRDA:420,3,0,0
BRDA:420,3,1,0
BRDA:420,4,0,0
BRDA:420,4,1,0
BRDA:424,5,0,0
BRDA:424,5,1,0
BRDA:429,6,0,0
BRDA:429,6,1,0
BRDA:436,7,0,0
BRDA:436,7,1,0
BRDA:447,8,0,0
BRDA:447,8,1,0
BRDA:454,9,0,0
BRDA:454,9,1,0
BRDA:462,10,0,0
BRDA:462,10,1,0
BRDA:475,11,0,0
BRDA:475,11,1,0
BRDA:482,12,0,0
BRDA:482,12,1,0
BRDA:492,13,0,0
BRDA:492,13,1,0
BRDA:494,14,0,0
BRDA:494,14,1,0
BRDA:502,15,0,0
BRDA:502,15,1,0
BRDA:525,16,0,0
BRDA:532,17,0,0
BRDA:532,17,1,0
BRDA:538,18,0,0
BRDA:538,18,1,0
BRDA:544,19,0,0
BRDA:544,19,1,0
BRDA:551,20,0,0
BRDA:551,20,1,0
BRDA:560,21,0,0
BRDA:560,21,1,0
BRDA:564,22,0,0
BRDA:564,22,1,0
BRDA:571,23,0,0
BRDA:571,23,1,0
BRDA:573,24,0,0
BRDA:573,24,1,0
BRDA:581,25,0,0
BRDA:581,25,1,0
BRDA:694,26,0,0
BRDA:694,26,1,0
BRDA:694,27,0,0
BRDA:694,27,1,0
BRDA:701,28,0,0
BRDA:701,28,1,0
BRDA:755,29,0,0
BRDA:756,30,0,0
BRDA:804,31,0,0
BRDA:805,32,0,0
BRDA:806,33,0,0
BRDA:807,34,0,0
BRF:62
BRH:0
end_of_record
TN:
SF:src\models\curricular.model.js
FN:33,(anonymous_0)
FN:78,(anonymous_1)
FN:125,(anonymous_2)
FN:178,(anonymous_3)
FN:212,(anonymous_4)
FN:218,(anonymous_5)
FN:305,(anonymous_6)
FN:349,(anonymous_7)
FN:440,(anonymous_8)
FN:488,(anonymous_9)
FN:494,(anonymous_10)
FN:611,(anonymous_11)
FN:698,(anonymous_12)
FN:758,(anonymous_13)
FN:818,(anonymous_14)
FN:882,(anonymous_15)
FN:921,(anonymous_16)
FN:953,(anonymous_17)
FN:984,(anonymous_18)
FN:1021,(anonymous_19)
FN:1055,(anonymous_20)
FN:1095,(anonymous_21)
FN:1126,(anonymous_22)
FN:1162,(anonymous_23)
FNF:24
FNH:0
FNDA:0,(anonymous_0)
FNDA:0,(anonymous_1)
FNDA:0,(anonymous_2)
FNDA:0,(anonymous_3)
FNDA:0,(anonymous_4)
FNDA:0,(anonymous_5)
FNDA:0,(anonymous_6)
FNDA:0,(anonymous_7)
FNDA:0,(anonymous_8)
FNDA:0,(anonymous_9)
FNDA:0,(anonymous_10)
FNDA:0,(anonymous_11)
FNDA:0,(anonymous_12)
FNDA:0,(anonymous_13)
FNDA:0,(anonymous_14)
FNDA:0,(anonymous_15)
FNDA:0,(anonymous_16)
FNDA:0,(anonymous_17)
FNDA:0,(anonymous_18)
FNDA:0,(anonymous_19)
FNDA:0,(anonymous_20)
FNDA:0,(anonymous_21)
FNDA:0,(anonymous_22)
FNDA:0,(anonymous_23)
DA:34,0
DA:35,0
DA:42,0
DA:44,0
DA:45,0
DA:54,0
DA:56,0
DA:61,0
DA:62,0
DA:79,0
DA:80,0
DA:85,0
DA:87,0
DA:100,0
DA:102,0
DA:107,0
DA:108,0
DA:130,0
DA:131,0
DA:136,0
DA:140,0
DA:147,0
DA:149,0
DA:154,0
DA:155,0
DA:179,0
DA:180,0
DA:199,0
DA:202,0
DA:203,0
DA:207,0
DA:208,0
DA:212,0
DA:213,0
DA:218,0
DA:219,0
DA:224,0
DA:227,0
DA:251,0
DA:274,0
DA:277,0
DA:279,0
DA:284,0
DA:285,0
DA:306,0
DA:311,0
DA:313,0
DA:314,0
DA:321,0
DA:326,0
DA:328,0
DA:333,0
DA:334,0
DA:350,0
DA:352,0
DA:354,0
DA:356,0
DA:373,0
DA:376,0
DA:392,0
DA:397,0
DA:399,0
DA:406,0
DA:407,0
DA:445,0
DA:446,0
DA:472,0
DA:475,0
DA:476,0
DA:477,0
DA:481,0
DA:482,0
DA:483,0
DA:488,0
DA:489,0
DA:494,0
DA:495,0
DA:499,0
DA:526,0
DA:552,0
DA:574,0
DA:576,0
DA:581,0
DA:582,0
DA:587,0
DA:612,0
DA:613,0
DA:614,0
DA:615,0
DA:618,0
DA:619,0
DA:620,0
DA:621,0
DA:624,0
DA:625,0
DA:626,0
DA:627,0
DA:630,0
DA:632,0
DA:633,0
DA:637,0
DA:643,0
DA:644,0
DA:645,0
DA:648,0
DA:651,0
DA:652,0
DA:653,0
DA:654,0
DA:659,0
DA:663,0
DA:669,0
DA:670,0
DA:672,0
DA:674,0
DA:679,0
DA:683,0
DA:699,0
DA:701,0
DA:702,0
DA:719,0
DA:734,0
DA:736,0
DA:741,0
DA:742,0
DA:762,0
DA:763,0
DA:768,0
DA:789,0
DA:791,0
DA:796,0
DA:797,0
DA:802,0
DA:822,0
DA:823,0
DA:828,0
DA:846,0
DA:852,0
DA:854,0
DA:856,0
DA:861,0
DA:862,0
DA:867,0
DA:883,0
DA:884,0
DA:900,0
DA:905,0
DA:906,0
DA:922,0
DA:923,0
DA:932,0
DA:937,0
DA:938,0
DA:954,0
DA:955,0
DA:963,0
DA:968,0
DA:969,0
DA:985,0
DA:986,0
DA:990,0
DA:995,0
DA:1000,0
DA:1005,0
DA:1022,0
DA:1023,0
DA:1027,0
DA:1029,0
DA:1034,0
DA:1039,0
DA:1056,0
DA:1057,0
DA:1061,0
DA:1063,0
DA:1068,0
DA:1073,0
DA:1096,0
DA:1097,0
DA:1098,0
DA:1099,0
DA:1101,0
DA:1103,0
DA:1108,0
DA:1109,0
DA:1127,0
DA:1128,0
DA:1136,0
DA:1137,0
DA:1139,0
DA:1141,0
DA:1146,0
DA:1147,0
DA:1148,0
DA:1163,0
DA:1164,0
DA:1173,0
DA:1178,0
DA:1179,0
LF:198
LH:0
BRDA:91,0,0,0
BRDA:91,0,1,0
BRDA:92,1,0,0
BRDA:92,1,1,0
BRDA:93,2,0,0
BRDA:93,2,1,0
BRDA:94,3,0,0
BRDA:94,3,1,0
BRDA:95,4,0,0
BRDA:95,4,1,0
BRDA:96,5,0,0
BRDA:96,5,1,0
BRDA:97,6,0,0
BRDA:97,6,1,0
BRDA:189,7,0,0
BRDA:190,8,0,0
BRDA:191,9,0,0
BRDA:192,10,0,0
BRDA:193,11,0,0
BRDA:194,12,0,0
BRDA:195,13,0,0
BRDA:196,14,0,0
BRDA:197,15,0,0
BRDA:198,16,0,0
BRDA:202,17,0,0
BRDA:202,17,1,0
BRDA:207,18,0,0
BRDA:207,18,1,0
BRDA:213,19,0,0
BRDA:213,19,1,0
BRDA:219,20,0,0
BRDA:219,20,1,0
BRDA:224,21,0,0
BRDA:224,21,1,0
BRDA:309,22,0,0
BRDA:310,23,0,0
BRDA:349,24,0,0
BRDA:354,25,0,0
BRDA:354,25,1,0
BRDA:401,26,0,0
BRDA:401,26,1,0
BRDA:475,27,0,0
BRDA:475,27,1,0
BRDA:475,28,0,0
BRDA:475,28,1,0
BRDA:481,29,0,0
BRDA:481,29,1,0
BRDA:481,30,0,0
BRDA:481,30,1,0
BRDA:488,31,0,0
BRDA:488,31,1,0
BRDA:489,32,0,0
BRDA:489,32,1,0
BRDA:494,33,0,0
BRDA:494,33,1,0
BRDA:495,34,0,0
BRDA:495,34,1,0
BRDA:530,35,0,0
BRDA:530,35,1,0
BRDA:531,36,0,0
BRDA:531,36,1,0
BRDA:532,37,0,0
BRDA:532,37,1,0
BRDA:533,38,0,0
BRDA:533,38,1,0
BRDA:534,39,0,0
BRDA:534,39,1,0
BRDA:537,40,0,0
BRDA:537,40,1,0
BRDA:540,41,0,0
BRDA:540,41,1,0
BRDA:541,42,0,0
BRDA:541,42,1,0
BRDA:542,43,0,0
BRDA:542,43,1,0
BRDA:543,44,0,0
BRDA:543,44,1,0
BRDA:544,45,0,0
BRDA:544,45,1,0
BRDA:545,46,0,0
BRDA:545,46,1,0
BRDA:546,47,0,0
BRDA:546,47,1,0
BRDA:547,48,0,0
BRDA:547,48,1,0
BRDA:548,49,0,0
BRDA:548,49,1,0
BRDA:549,50,0,0
BRDA:549,50,1,0
BRDA:611,51,0,0
BRDA:618,52,0,0
BRDA:618,52,1,0
BRDA:624,53,0,0
BRDA:624,53,1,0
BRDA:630,54,0,0
BRDA:630,54,1,0
BRDA:632,55,0,0
BRDA:632,55,1,0
BRDA:643,56,0,0
BRDA:643,56,1,0
BRDA:651,57,0,0
BRDA:651,57,1,0
BRDA:659,58,0,0
BRDA:659,58,1,0
BRDA:701,59,0,0
BRDA:701,59,1,0
BRF:106
BRH:0
end_of_record
TN:
SF:src\models\horario.model.js
FN:11,(anonymous_0)
FN:35,(anonymous_1)
FN:58,(anonymous_2)
FN:82,(anonymous_3)
FN:130,(anonymous_4)
FN:154,(anonymous_5)
FN:178,(anonymous_6)
FN:201,(anonymous_7)
FN:283,(anonymous_8)
FN:324,(anonymous_9)
FN:374,(anonymous_10)
FN:415,(anonymous_11)
FNF:12
FNH:0
FNDA:0,(anonymous_0)
FNDA:0,(anonymous_1)
FNDA:0,(anonymous_2)
FNDA:0,(anonymous_3)
FNDA:0,(anonymous_4)
FNDA:0,(anonymous_5)
FNDA:0,(anonymous_6)
FNDA:0,(anonymous_7)
FNDA:0,(anonymous_8)
FNDA:0,(anonymous_9)
FNDA:0,(anonymous_10)
FNDA:0,(anonymous_11)
DA:12,0
DA:13,0
DA:17,0
DA:22,0
DA:36,0
DA:37,0
DA:41,0
DA:46,0
DA:59,0
DA:60,0
DA:64,0
DA:69,0
DA:83,0
DA:84,0
DA:112,0
DA:117,0
DA:131,0
DA:132,0
DA:136,0
DA:141,0
DA:155,0
DA:156,0
DA:160,0
DA:165,0
DA:179,0
DA:180,0
DA:184,0
DA:189,0
DA:208,0
DA:213,0
DA:215,0
DA:216,0
DA:220,0
DA:221,0
DA:228,0
DA:229,0
DA:230,0
DA:233,0
DA:234,0
DA:238,0
DA:239,0
DA:241,0
DA:242,0
DA:243,0
DA:247,0
DA:248,0
DA:250,0
DA:251,0
DA:252,0
DA:256,0
DA:261,0
DA:266,0
DA:288,0
DA:289,0
DA:298,0
DA:299,0
DA:304,0
DA:305,0
DA:325,0
DA:334,0
DA:336,0
DA:338,0
DA:351,0
DA:356,0
DA:375,0
DA:376,0
DA:382,0
DA:393,0
DA:395,0
DA:400,0
DA:401,0
DA:416,0
DA:417,0
DA:421,0
DA:426,0
LF:75
LH:0
BRDA:206,0,0,0
BRDA:213,1,0,0
BRDA:213,1,1,0
BRDA:213,1,2,0
BRDA:213,1,3,0
BRDA:215,2,0,0
BRDA:215,2,1,0
BRDA:225,3,0,0
BRDA:225,3,1,0
BRDA:233,4,0,0
BRDA:233,4,1,0
BRDA:248,5,0,0
BRDA:248,5,1,0
BRDA:387,6,0,0
BRDA:387,6,1,0
BRDA:388,7,0,0
BRDA:388,7,1,0
BRDA:389,8,0,0
BRDA:389,8,1,0
BRF:19
BRH:0
end_of_record
TN:
SF:src\models\profesor.model.js
FN:26,(anonymous_0)
FN:29,(anonymous_1)
FN:108,(anonymous_2)
FN:253,(anonymous_3)
FN:380,(anonymous_4)
FN:410,(anonymous_5)
FN:443,(anonymous_6)
FN:474,(anonymous_7)
FN:504,(anonymous_8)
FN:532,(anonymous_9)
FN:560,(anonymous_10)
FN:590,(anonymous_11)
FN:625,(anonymous_12)
FN:659,(anonymous_13)
FN:694,(anonymous_14)
FN:739,(anonymous_15)
FN:789,(anonymous_16)
FN:825,(anonymous_17)
FN:900,(anonymous_18)
FN:945,(anonymous_19)
FNF:20
FNH:0
FNDA:0,(anonymous_0)
FNDA:0,(anonymous_1)
FNDA:0,(anonymous_2)
FNDA:0,(anonymous_3)
FNDA:0,(anonymous_4)
FNDA:0,(anonymous_5)
FNDA:0,(anonymous_6)
FNDA:0,(anonymous_7)
FNDA:0,(anonymous_8)
FNDA:0,(anonymous_9)
FNDA:0,(anonymous_10)
FNDA:0,(anonymous_11)
FNDA:0,(anonymous_12)
FNDA:0,(anonymous_13)
FNDA:0,(anonymous_14)
FNDA:0,(anonymous_15)
FNDA:0,(anonymous_16)
FNDA:0,(anonymous_17)
FNDA:0,(anonymous_18)
FNDA:0,(anonymous_19)
DA:27,0
DA:28,0
DA:29,0
DA:30,0
DA:32,0
DA:51,0
DA:54,0
DA:55,0
DA:77,0
DA:79,0
DA:84,0
DA:88,0
DA:109,0
DA:116,0
DA:119,0
DA:120,0
DA:125,0
DA:127,0
DA:128,0
DA:134,0
DA:143,0
DA:146,0
DA:155,0
DA:156,0
DA:159,0
DA:160,0
DA:161,0
DA:163,0
DA:165,0
DA:167,0
DA:169,0
DA:170,0
DA:171,0
DA:174,0
DA:175,0
DA:180,0
DA:185,0
DA:194,0
DA:200,0
DA:204,0
DA:207,0
DA:212,0
DA:213,0
DA:215,0
DA:230,0
DA:234,0
DA:254,0
DA:255,0
DA:262,0
DA:265,0
DA:266,0
DA:271,0
DA:273,0
DA:274,0
DA:280,0
DA:289,0
DA:292,0
DA:295,0
DA:302,0
DA:306,0
DA:307,0
DA:310,0
DA:311,0
DA:319,0
DA:324,0
DA:331,0
DA:334,0
DA:335,0
DA:338,0
DA:343,0
DA:344,0
DA:346,0
DA:361,0
DA:362,0
DA:366,0
DA:381,0
DA:382,0
DA:387,0
DA:392,0
DA:395,0
DA:411,0
DA:412,0
DA:414,0
DA:415,0
DA:417,0
DA:419,0
DA:424,0
DA:428,0
DA:444,0
DA:446,0
DA:447,0
DA:449,0
DA:450,0
DA:455,0
DA:459,0
DA:475,0
DA:476,0
DA:477,0
DA:479,0
DA:481,0
DA:486,0
DA:490,0
DA:505,0
DA:507,0
DA:508,0
DA:510,0
DA:515,0
DA:518,0
DA:533,0
DA:535,0
DA:536,0
DA:538,0
DA:543,0
DA:546,0
DA:561,0
DA:563,0
DA:564,0
DA:566,0
DA:571,0
DA:574,0
DA:591,0
DA:592,0
DA:594,0
DA:595,0
DA:597,0
DA:598,0
DA:600,0
DA:605,0
DA:609,0
DA:626,0
DA:627,0
DA:629,0
DA:630,0
DA:632,0
DA:634,0
DA:639,0
DA:643,0
DA:660,0
DA:661,0
DA:663,0
DA:664,0
DA:666,0
DA:668,0
DA:673,0
DA:677,0
DA:695,0
DA:696,0
DA:699,0
DA:700,0
DA:707,0
DA:709,0
DA:711,0
DA:712,0
DA:717,0
DA:722,0
DA:740,0
DA:741,0
DA:744,0
DA:745,0
DA:749,0
DA:750,0
DA:758,0
DA:761,0
DA:763,0
DA:768,0
DA:773,0
DA:790,0
DA:791,0
DA:792,0
DA:794,0
DA:797,0
DA:799,0
DA:804,0
DA:809,0
DA:826,0
DA:846,0
DA:848,0
DA:851,0
DA:872,0
DA:873,0
DA:874,0
DA:879,0
DA:884,0
DA:901,0
DA:903,0
DA:906,0
DA:907,0
DA:915,0
DA:917,0
DA:919,0
DA:924,0
DA:929,0
DA:946,0
DA:954,0
DA:957,0
DA:958,0
DA:968,0
DA:970,0
DA:975,0
DA:980,0
LF:200
LH:0
BRDA:50,0,0,0
BRDA:64,1,0,0
BRDA:64,1,1,0
BRDA:108,2,0,0
BRDA:111,3,0,0
BRDA:112,4,0,0
BRDA:113,5,0,0
BRDA:114,6,0,0
BRDA:115,7,0,0
BRDA:119,8,0,0
BRDA:119,8,1,0
BRDA:127,9,0,0
BRDA:127,9,1,0
BRDA:155,10,0,0
BRDA:155,10,1,0
BRDA:163,11,0,0
BRDA:163,11,1,0
BRDA:163,12,0,0
BRDA:163,12,1,0
BRDA:167,13,0,0
BRDA:167,13,1,0
BRDA:200,14,0,0
BRDA:200,14,1,0
BRDA:204,15,0,0
BRDA:204,15,1,0
BRDA:257,16,0,0
BRDA:258,17,0,0
BRDA:259,18,0,0
BRDA:260,19,0,0
BRDA:261,20,0,0
BRDA:265,21,0,0
BRDA:265,21,1,0
BRDA:273,22,0,0
BRDA:273,22,1,0
BRDA:310,23,0,0
BRDA:310,23,1,0
BRDA:744,24,0,0
BRDA:744,24,1,0
BRDA:744,25,0,0
BRDA:744,25,1,0
BRDA:744,25,2,0
BRF:41
BRH:0
end_of_record
TN:
SF:src\models\sedes.model.js
FN:21,(anonymous_0)
FN:62,(anonymous_1)
FN:87,(anonymous_2)
FN:133,(anonymous_3)
FN:167,(anonymous_4)
FN:198,(anonymous_5)
FNF:6
FNH:0
FNDA:0,(anonymous_0)
FNDA:0,(anonymous_1)
FNDA:0,(anonymous_2)
FNDA:0,(anonymous_3)
FNDA:0,(anonymous_4)
FNDA:0,(anonymous_5)
DA:22,0
DA:23,0
DA:25,0
DA:28,0
DA:39,0
DA:42,0
DA:47,0
DA:50,0
DA:63,0
DA:64,0
DA:68,0
DA:73,0
DA:74,0
DA:88,0
DA:89,0
DA:91,0
DA:97,0
DA:98,0
DA:99,0
DA:105,0
DA:107,0
DA:112,0
DA:113,0
DA:134,0
DA:135,0
DA:137,0
DA:140,0
DA:145,0
DA:147,0
DA:152,0
DA:153,0
DA:168,0
DA:169,0
DA:172,0
DA:177,0
DA:179,0
DA:184,0
DA:185,0
DA:199,0
DA:200,0
DA:206,0
DA:211,0
DA:213,0
DA:215,0
DA:224,0
DA:225,0
LF:46
LH:0
BRDA:34,0,0,0
BRDA:34,0,1,0
BRDA:97,1,0,0
BRDA:97,1,1,0
BRDA:142,2,0,0
BRDA:142,2,1,0
BRDA:219,3,0,0
BRDA:219,3,1,0
BRF:8
BRH:0
end_of_record
TN:
SF:src\models\system.model.js
FN:28,(anonymous_0)
FN:163,(anonymous_1)
FN:202,(anonymous_2)
FN:221,(anonymous_3)
FN:233,(anonymous_4)
FN:240,(anonymous_5)
FN:273,(anonymous_6)
FN:354,(anonymous_7)
FN:436,(anonymous_8)
FN:441,(anonymous_9)
FN:442,(anonymous_10)
FN:452,(anonymous_11)
FN:482,(anonymous_12)
FNF:13
FNH:0
FNDA:0,(anonymous_0)
FNDA:0,(anonymous_1)
FNDA:0,(anonymous_2)
FNDA:0,(anonymous_3)
FNDA:0,(anonymous_4)
FNDA:0,(anonymous_5)
FNDA:0,(anonymous_6)
FNDA:0,(anonymous_7)
FNDA:0,(anonymous_8)
FNDA:0,(anonymous_9)
FNDA:0,(anonymous_10)
FNDA:0,(anonymous_11)
FNDA:0,(anonymous_12)
DA:29,0
DA:41,0
DA:43,0
DA:70,0
DA:71,0
DA:74,0
DA:75,0
DA:76,0
DA:77,0
DA:80,0
DA:81,0
DA:82,0
DA:83,0
DA:86,0
DA:87,0
DA:88,0
DA:89,0
DA:92,0
DA:93,0
DA:94,0
DA:95,0
DA:98,0
DA:99,0
DA:100,0
DA:101,0
DA:104,0
DA:105,0
DA:106,0
DA:107,0
DA:110,0
DA:111,0
DA:112,0
DA:113,0
DA:116,0
DA:117,0
DA:118,0
DA:124,0
DA:128,0
DA:130,0
DA:131,0
DA:132,0
DA:134,0
DA:135,0
DA:136,0
DA:138,0
DA:139,0
DA:141,0
DA:144,0
DA:145,0
DA:148,0
DA:149,0
DA:163,0
DA:164,0
DA:165,0
DA:166,0
DA:170,0
DA:174,0
DA:175,0
DA:177,0
DA:192,0
DA:193,0
DA:203,0
DA:214,0
DA:222,0
DA:223,0
DA:224,0
DA:233,0
DA:235,0
DA:240,0
DA:257,0
DA:262,0
DA:263,0
DA:274,0
DA:280,0
DA:313,0
DA:316,0
DA:317,0
DA:320,0
DA:322,0
DA:338,0
DA:343,0
DA:344,0
DA:355,0
DA:356,0
DA:435,0
DA:436,0
DA:440,0
DA:441,0
DA:442,0
DA:446,0
DA:452,0
DA:459,0
DA:466,0
DA:471,0
DA:472,0
DA:483,0
DA:485,0
DA:492,0
DA:493,0
DA:494,0
DA:496,0
DA:504,0
DA:509,0
DA:510,0
LF:104
LH:0
BRDA:28,0,0,0
BRDA:31,1,0,0
BRDA:32,2,0,0
BRDA:74,3,0,0
BRDA:74,3,1,0
BRDA:80,4,0,0
BRDA:80,4,1,0
BRDA:86,5,0,0
BRDA:86,5,1,0
BRDA:92,6,0,0
BRDA:92,6,1,0
BRDA:98,7,0,0
BRDA:98,7,1,0
BRDA:104,8,0,0
BRDA:104,8,1,0
BRDA:110,9,0,0
BRDA:110,9,1,0
BRDA:116,10,0,0
BRDA:116,10,1,0
BRDA:158,11,0,0
BRDA:158,11,1,0
BRDA:160,12,0,0
BRDA:160,12,1,0
BRDA:164,13,0,0
BRDA:164,13,1,0
BRDA:214,14,0,0
BRDA:214,14,1,0
BRDA:314,15,0,0
BRDA:314,15,1,0
BRDA:316,16,0,0
BRDA:316,16,1,0
BRDA:317,17,0,0
BRDA:317,17,1,0
BRDA:328,18,0,0
BRDA:328,18,1,0
BRDA:492,19,0,0
BRDA:492,19,1,0
BRDA:493,20,0,0
BRDA:493,20,1,0
BRDA:494,21,0,0
BRDA:494,21,1,0
BRF:41
BRH:0
end_of_record
TN:
SF:src\models\user.model.js
FN:68,(anonymous_0)
FN:109,(anonymous_1)
FN:151,(anonymous_2)
FN:186,(anonymous_3)
FN:223,(anonymous_4)
FN:266,(anonymous_5)
FN:312,(anonymous_6)
FN:369,(anonymous_7)
FN:411,(anonymous_8)
FNF:9
FNH:0
FNDA:0,(anonymous_0)
FNDA:0,(anonymous_1)
FNDA:0,(anonymous_2)
FNDA:0,(anonymous_3)
FNDA:0,(anonymous_4)
FNDA:0,(anonymous_5)
FNDA:0,(anonymous_6)
FNDA:0,(anonymous_7)
FNDA:0,(anonymous_8)
DA:69,0
DA:71,0
DA:74,0
DA:77,0
DA:80,0
DA:87,0
DA:110,0
DA:112,0
DA:113,0
DA:115,0
DA:117,0
DA:123,0
DA:130,0
DA:152,0
DA:154,0
DA:155,0
DA:157,0
DA:159,0
DA:161,0
DA:167,0
DA:187,0
DA:188,0
DA:189,0
DA:191,0
DA:193,0
DA:195,0
DA:201,0
DA:224,0
DA:225,0
DA:233,0
DA:235,0
DA:237,0
DA:239,0
DA:245,0
DA:267,0
DA:268,0
DA:275,0
DA:277,0
DA:279,0
DA:284,0
DA:290,0
DA:313,0
DA:314,0
DA:318,0
DA:328,0
DA:330,0
DA:332,0
DA:337,0
DA:339,0
DA:346,0
DA:370,0
DA:371,0
DA:372,0
DA:374,0
DA:376,0
DA:381,0
DA:389,0
DA:412,0
DA:413,0
DA:414,0
DA:416,0
DA:418,0
DA:423,0
DA:431,0
LF:64
LH:0
BRF:0
BRH:0
end_of_record
TN:
SF:src\routes\Admin.routes.js
FN:160,(anonymous_0)
FN:161,(anonymous_1)
FN:195,(anonymous_2)
FN:221,(anonymous_3)
FNF:4
FNH:0
FNDA:0,(anonymous_0)
FNDA:0,(anonymous_1)
FNDA:0,(anonymous_2)
FNDA:0,(anonymous_3)
DA:16,0
DA:19,0
DA:22,0
DA:43,0
DA:51,0
DA:66,0
DA:74,0
DA:92,0
DA:101,0
DA:118,0
DA:135,0
DA:157,0
DA:161,0
DA:162,0
DA:163,0
DA:164,0
DA:170,0
DA:172,0
DA:173,0
DA:188,0
DA:197,0
DA:221,0
DA:223,0
LF:23
LH:0
BRDA:163,0,0,0
BRDA:163,0,1,0
BRF:2
BRH:0
end_of_record
TN:
SF:src\routes\Coordinador.routes.js
FNF:0
FNH:0
DA:15,0
DA:18,0
DA:44,0
DA:82,0
DA:106,0
DA:144,0
DA:180,0
DA:210,0
DA:244,0
DA:281,0
DA:304,0
LF:11
LH:0
BRF:0
BRH:0
end_of_record
TN:
SF:src\routes\Curricular.routes.js
FNF:0
FNH:0
DA:24,0
DA:36,0
DA:55,0
DA:81,0
DA:116,0
DA:145,0
DA:175,0
DA:204,0
DA:247,0
DA:274,0
DA:300,0
DA:324,0
DA:336,0
DA:372,0
DA:400,0
DA:422,0
DA:444,0
DA:472,0
DA:515,0
DA:541,0
DA:564,0
DA:593,0
LF:22
LH:0
BRF:0
BRH:0
end_of_record
TN:
SF:src\routes\Horario.routes.js
FNF:0
FNH:0
DA:17,0
DA:19,0
DA:38,0
DA:61,0
DA:84,0
DA:106,0
DA:128,0
DA:150,0
DA:172,0
DA:195,0
DA:223,0
DA:251,0
DA:278,0
LF:13
LH:0
BRF:0
BRH:0
end_of_record
TN:
SF:src\routes\Notification.routes.js
FNF:0
FNH:0
DA:5,0
DA:7,0
DA:32,0
LF:3
LH:0
BRF:0
BRH:0
end_of_record
TN:
SF:src\routes\Profesor.routes.js
FNF:0
FNH:0
DA:27,0
DA:30,0
DA:32,0
DA:55,0
DA:75,0
DA:92,0
DA:111,0
DA:128,0
DA:144,0
DA:161,0
DA:184,0
DA:201,0
DA:225,0
DA:244,0
DA:263,0
DA:282,0
DA:306,0
DA:323,0
DA:340,0
DA:357,0
DA:373,0
DA:390,0
LF:22
LH:0
BRF:0
BRH:0
end_of_record
TN:
SF:src\routes\Sedes.routes.js
FNF:0
FNH:0
DA:5,0
DA:7,0
DA:26,0
DA:49,0
DA:87,0
DA:117,0
DA:142,0
DA:166,0
LF:8
LH:0
BRF:0
BRH:0
end_of_record
TN:
SF:src\routes\User.routes.js
FNF:0
FNH:0
DA:16,0
DA:39,0
DA:55,0
DA:71,0
DA:92,0
DA:106,0
DA:121,0
DA:135,0
DA:156,0
DA:174,0
DA:200,0
DA:219,0
DA:237,0
LF:13
LH:0
BRF:0
BRH:0
end_of_record
TN:
SF:src\routes\aula.routes.js
FNF:0
FNH:0
DA:15,0
DA:18,0
DA:51,0
DA:77,0
DA:116,0
DA:152,0
DA:174,0
DA:204,0
DA:230,0
DA:256,0
DA:280,0
LF:11
LH:0
BRF:0
BRH:0
end_of_record
TN:
SF:src\routes\system.routes.js
FNF:0
FNH:0
DA:21,0
DA:24,0
DA:43,0
DA:65,0
DA:92,0
DA:110,0
DA:132,0
DA:156,0
DA:185,0
DA:209,0
DA:234,0
DA:258,0
DA:281,0
DA:305,0
DA:328,0
DA:360,0
DA:378,0
DA:401,0
DA:424,0
DA:447,0
DA:468,0
LF:21
LH:0
BRF:0
BRH:0
end_of_record
TN:
SF:src\schemas\admin.schema.js
FNF:0
FNH:0
DA:4,0
DA:17,0
LF:2
LH:0
BRF:0
BRH:0
end_of_record
TN:
SF:src\schemas\aula.schema.js
FNF:0
FNH:0
DA:3,0
LF:1
LH:0
BRF:0
BRH:0
end_of_record
TN:
SF:src\schemas\contrasenia.schema.js
FN:35,(anonymous_0)
FNF:1
FNH:0
FNDA:0,(anonymous_0)
DA:3,0
DA:35,0
LF:2
LH:0
BRF:0
BRH:0
end_of_record
TN:
SF:src\schemas\coordinador.schema.js
FNF:0
FNH:0
DA:5,0
DA:14,0
LF:2
LH:0
BRF:0
BRH:0
end_of_record
TN:
SF:src\schemas\destitucion.schema.js
FNF:0
FNH:0
DA:4,0
LF:1
LH:0
BRF:0
BRH:0
end_of_record
TN:
SF:src\schemas\disponiblidaddocente.schema.js
FN:18,(anonymous_0)
FNF:1
FNH:0
FNDA:0,(anonymous_0)
DA:3,0
DA:18,0
LF:2
LH:0
BRF:0
BRH:0
end_of_record
TN:
SF:src\schemas\horario.schema.js
FNF:0
FNH:0
DA:3,0
LF:1
LH:0
BRF:0
BRH:0
end_of_record
TN:
SF:src\schemas\lineasInves.schema.js
FNF:0
FNH:0
DA:3,0
LF:1
LH:0
BRF:0
BRH:0
end_of_record
TN:
SF:src\schemas\login.schema.js
FNF:0
FNH:0
DA:2,0
LF:1
LH:0
BRF:0
BRH:0
end_of_record
TN:
SF:src\schemas\pnf.schema.js
FNF:0
FNH:0
DA:3,0
LF:1
LH:0
BRF:0
BRH:0
end_of_record
TN:
SF:src\schemas\profesor.schema.js
FNF:0
FNH:0
DA:5,0
DA:6,0
DA:9,0
DA:41,0
DA:73,0
DA:94,0
DA:107,0
DA:131,0
DA:155,0
LF:9
LH:0
BRF:0
BRH:0
end_of_record
TN:
SF:src\schemas\recovery_password.schema.js
FNF:0
FNH:0
DA:4,0
LF:1
LH:0
BRF:0
BRH:0
end_of_record
TN:
SF:src\schemas\reingreso.schema.js
FNF:0
FNH:0
DA:4,0
LF:1
LH:0
BRF:0
BRH:0
end_of_record
TN:
SF:src\schemas\seccion.schema.js
FNF:0
FNH:0
DA:3,0
LF:1
LH:0
BRF:0
BRH:0
end_of_record
TN:
SF:src\schemas\sede.schema.js
FNF:0
FNH:0
DA:3,0
LF:1
LH:0
BRF:0
BRH:0
end_of_record
TN:
SF:src\schemas\trayecto.schema.js
FNF:0
FNH:0
DA:3,0
LF:1
LH:0
BRF:0
BRH:0
end_of_record
TN:
SF:src\schemas\unidadcurricular.schema.js
FNF:0
FNH:0
DA:6,0
DA:11,0
LF:2
LH:0
BRF:0
BRH:0
end_of_record
TN:
SF:src\schemas\user.schema.js
FN:15,(anonymous_0)
FN:71,(anonymous_1)
FNF:2
FNH:0
FNDA:0,(anonymous_0)
FNDA:0,(anonymous_1)
DA:3,0
DA:15,0
DA:71,0
LF:3
LH:0
BRF:0
BRH:0
end_of_record
TN:
SF:src\services\admin.service.js
FN:22,(anonymous_0)
FN:225,(anonymous_1)
FN:299,(anonymous_2)
FN:348,(anonymous_3)
FN:398,(anonymous_4)
FN:458,(anonymous_5)
FN:531,(anonymous_6)
FN:658,(anonymous_7)
FN:751,(anonymous_8)
FN:755,(anonymous_9)
FN:756,(anonymous_10)
FN:764,(anonymous_11)
FN:810,(anonymous_12)
FN:864,(anonymous_13)
FN:886,(anonymous_14)
FN:945,(anonymous_15)
FN:995,(anonymous_16)
FN:1046,(anonymous_17)
FN:1098,(anonymous_18)
FNF:19
FNH:0
FNDA:0,(anonymous_0)
FNDA:0,(anonymous_1)
FNDA:0,(anonymous_2)
FNDA:0,(anonymous_3)
FNDA:0,(anonymous_4)
FNDA:0,(anonymous_5)
FNDA:0,(anonymous_6)
FNDA:0,(anonymous_7)
FNDA:0,(anonymous_8)
FNDA:0,(anonymous_9)
FNDA:0,(anonymous_10)
FNDA:0,(anonymous_11)
FNDA:0,(anonymous_12)
FNDA:0,(anonymous_13)
FNDA:0,(anonymous_14)
FNDA:0,(anonymous_15)
FNDA:0,(anonymous_16)
FNDA:0,(anonymous_17)
FNDA:0,(anonymous_18)
DA:10,0
DA:23,0
DA:24,0
DA:26,0
DA:27,0
DA:29,0
DA:30,0
DA:32,0
DA:33,0
DA:35,0
DA:36,0
DA:37,0
DA:44,0
DA:45,0
DA:50,0
DA:51,0
DA:58,0
DA:59,0
DA:60,0
DA:71,0
DA:72,0
DA:79,0
DA:90,0
DA:91,0
DA:92,0
DA:96,0
DA:97,0
DA:107,0
DA:108,0
DA:109,0
DA:111,0
DA:112,0
DA:121,0
DA:122,0
DA:125,0
DA:151,0
DA:152,0
DA:158,0
DA:159,0
DA:161,0
DA:175,0
DA:192,0
DA:194,0
DA:212,0
DA:213,0
DA:214,0
DA:216,0
DA:226,0
DA:227,0
DA:229,0
DA:238,0
DA:243,0
DA:244,0
DA:251,0
DA:253,0
DA:254,0
DA:258,0
DA:259,0
DA:272,0
DA:289,0
DA:290,0
DA:300,0
DA:301,0
DA:303,0
DA:308,0
DA:320,0
DA:321,0
DA:323,0
DA:324,0
DA:327,0
DA:338,0
DA:339,0
DA:349,0
DA:350,0
DA:352,0
DA:356,0
DA:357,0
DA:364,0
DA:366,0
DA:367,0
DA:370,0
DA:371,0
DA:378,0
DA:379,0
DA:381,0
DA:388,0
DA:389,0
DA:399,0
DA:400,0
DA:402,0
DA:406,0
DA:407,0
DA:414,0
DA:415,0
DA:416,0
DA:423,0
DA:427,0
DA:428,0
DA:435,0
DA:436,0
DA:441,0
DA:448,0
DA:450,0
DA:451,0
DA:456,0
DA:457,0
DA:458,0
DA:460,0
DA:461,0
DA:479,0
DA:485,0
DA:486,0
DA:489,0
DA:490,0
DA:508,0
DA:510,0
DA:521,0
DA:522,0
DA:532,0
DA:533,0
DA:535,0
DA:539,0
DA:540,0
DA:547,0
DA:551,0
DA:552,0
DA:559,0
DA:560,0
DA:565,0
DA:572,0
DA:574,0
DA:575,0
DA:585,0
DA:586,0
DA:590,0
DA:591,0
DA:602,0
DA:607,0
DA:608,0
DA:611,0
DA:612,0
DA:630,0
DA:632,0
DA:648,0
DA:649,0
DA:664,0
DA:665,0
DA:667,0
DA:671,0
DA:672,0
DA:679,0
DA:680,0
DA:692,0
DA:693,0
DA:694,0
DA:707,0
DA:711,0
DA:712,0
DA:719,0
DA:720,0
DA:725,0
DA:732,0
DA:734,0
DA:735,0
DA:745,0
DA:746,0
DA:748,0
DA:749,0
DA:751,0
DA:752,0
DA:754,0
DA:755,0
DA:756,0
DA:758,0
DA:764,0
DA:765,0
DA:766,0
DA:778,0
DA:779,0
DA:781,0
DA:782,0
DA:786,0
DA:787,0
DA:798,0
DA:808,0
DA:809,0
DA:810,0
DA:813,0
DA:819,0
DA:820,0
DA:823,0
DA:824,0
DA:845,0
DA:847,0
DA:864,0
DA:873,0
DA:877,0
DA:887,0
DA:888,0
DA:890,0
DA:891,0
DA:892,0
DA:899,0
DA:901,0
DA:902,0
DA:905,0
DA:906,0
DA:913,0
DA:914,0
DA:926,0
DA:928,0
DA:935,0
DA:936,0
DA:946,0
DA:947,0
DA:949,0
DA:950,0
DA:951,0
DA:958,0
DA:959,0
DA:961,0
DA:962,0
DA:963,0
DA:967,0
DA:968,0
DA:980,0
DA:981,0
DA:982,0
DA:989,0
DA:990,0
DA:993,0
DA:994,0
DA:995,0
DA:997,0
DA:998,0
DA:1015,0
DA:1020,0
DA:1021,0
DA:1024,0
DA:1026,0
DA:1036,0
DA:1037,0
DA:1047,0
DA:1048,0
DA:1050,0
DA:1056,0
DA:1057,0
DA:1071,0
DA:1073,0
DA:1074,0
DA:1077,0
DA:1088,0
DA:1089,0
DA:1099,0
DA:1100,0
DA:1102,0
DA:1103,0
DA:1104,0
DA:1118,0
DA:1120,0
DA:1121,0
DA:1124,0
DA:1135,0
DA:1136,0
LF:264
LH:0
BRDA:22,0,0,0
BRDA:35,1,0,0
BRDA:35,1,1,0
BRDA:50,2,0,0
BRDA:50,2,1,0
BRDA:58,3,0,0
BRDA:58,3,1,0
BRDA:58,4,0,0
BRDA:58,4,1,0
BRDA:71,5,0,0
BRDA:71,5,1,0
BRDA:96,6,0,0
BRDA:96,6,1,0
BRDA:115,7,0,0
BRDA:115,7,1,0
BRDA:121,8,0,0
BRDA:121,8,1,0
BRDA:213,9,0,0
BRDA:213,9,1,0
BRDA:225,10,0,0
BRDA:225,11,0,0
BRDA:243,12,0,0
BRDA:243,12,1,0
BRDA:253,13,0,0
BRDA:253,13,1,0
BRDA:258,14,0,0
BRDA:258,14,1,0
BRDA:258,15,0,0
BRDA:258,15,1,0
BRDA:262,16,0,0
BRDA:262,16,1,0
BRDA:276,17,0,0
BRDA:276,17,1,0
BRDA:277,18,0,0
BRDA:277,18,1,0
BRDA:299,19,0,0
BRDA:303,20,0,0
BRDA:303,20,1,0
BRDA:304,21,0,0
BRDA:304,21,1,0
BRDA:304,21,2,0
BRDA:323,22,0,0
BRDA:323,22,1,0
BRDA:348,23,0,0
BRDA:356,24,0,0
BRDA:356,24,1,0
BRDA:366,25,0,0
BRDA:366,25,1,0
BRDA:370,26,0,0
BRDA:370,26,1,0
BRDA:370,27,0,0
BRDA:370,27,1,0
BRDA:398,28,0,0
BRDA:406,29,0,0
BRDA:406,29,1,0
BRDA:415,30,0,0
BRDA:415,30,1,0
BRDA:427,31,0,0
BRDA:427,31,1,0
BRDA:436,32,0,0
BRDA:436,32,1,0
BRDA:437,33,0,0
BRDA:437,33,1,0
BRDA:437,33,2,0
BRDA:450,34,0,0
BRDA:450,34,1,0
BRDA:450,35,0,0
BRDA:450,35,1,0
BRDA:452,36,0,0
BRDA:452,36,1,0
BRDA:453,37,0,0
BRDA:453,37,1,0
BRDA:456,38,0,0
BRDA:456,38,1,0
BRDA:456,39,0,0
BRDA:456,39,1,0
BRDA:460,40,0,0
BRDA:460,40,1,0
BRDA:485,41,0,0
BRDA:485,41,1,0
BRDA:493,42,0,0
BRDA:493,42,1,0
BRDA:493,43,0,0
BRDA:493,43,1,0
BRDA:496,44,0,0
BRDA:496,44,1,0
BRDA:497,45,0,0
BRDA:497,45,1,0
BRDA:498,46,0,0
BRDA:498,46,1,0
BRDA:531,47,0,0
BRDA:539,48,0,0
BRDA:539,48,1,0
BRDA:551,49,0,0
BRDA:551,49,1,0
BRDA:560,50,0,0
BRDA:560,50,1,0
BRDA:561,51,0,0
BRDA:561,51,1,0
BRDA:561,51,2,0
BRDA:574,52,0,0
BRDA:574,52,1,0
BRDA:585,53,0,0
BRDA:585,53,1,0
BRDA:590,54,0,0
BRDA:590,54,1,0
BRDA:607,55,0,0
BRDA:607,55,1,0
BRDA:662,56,0,0
BRDA:671,57,0,0
BRDA:671,57,1,0
BRDA:679,58,0,0
BRDA:679,58,1,0
BRDA:693,59,0,0
BRDA:693,59,1,0
BRDA:693,60,0,0
BRDA:693,60,1,0
BRDA:711,61,0,0
BRDA:711,61,1,0
BRDA:720,62,0,0
BRDA:720,62,1,0
BRDA:721,63,0,0
BRDA:721,63,1,0
BRDA:721,63,2,0
BRDA:734,64,0,0
BRDA:734,64,1,0
BRDA:748,65,0,0
BRDA:748,65,1,0
BRDA:748,65,2,0
BRDA:749,66,0,0
BRDA:749,66,1,0
BRDA:765,67,0,0
BRDA:765,67,1,0
BRDA:781,68,0,0
BRDA:781,68,1,0
BRDA:781,69,0,0
BRDA:781,69,1,0
BRDA:786,70,0,0
BRDA:786,70,1,0
BRDA:810,71,0,0
BRDA:810,71,1,0
BRDA:819,72,0,0
BRDA:819,72,1,0
BRDA:886,73,0,0
BRDA:891,74,0,0
BRDA:891,74,1,0
BRDA:901,75,0,0
BRDA:901,75,1,0
BRDA:905,76,0,0
BRDA:905,76,1,0
BRDA:905,77,0,0
BRDA:905,77,1,0
BRDA:945,78,0,0
BRDA:950,79,0,0
BRDA:950,79,1,0
BRDA:962,80,0,0
BRDA:962,80,1,0
BRDA:967,81,0,0
BRDA:967,81,1,0
BRDA:981,82,0,0
BRDA:981,82,1,0
BRDA:989,83,0,0
BRDA:989,83,1,0
BRDA:993,84,0,0
BRDA:993,84,1,0
BRDA:993,85,0,0
BRDA:993,85,1,0
BRDA:997,86,0,0
BRDA:997,86,1,0
BRDA:1020,87,0,0
BRDA:1020,87,1,0
BRDA:1046,88,0,0
BRDA:1056,89,0,0
BRDA:1056,89,1,0
BRDA:1056,90,0,0
BRDA:1056,90,1,0
BRDA:1073,91,0,0
BRDA:1073,91,1,0
BRDA:1098,92,0,0
BRDA:1103,93,0,0
BRDA:1103,93,1,0
BRDA:1103,94,0,0
BRDA:1103,94,1,0
BRDA:1120,95,0,0
BRDA:1120,95,1,0
BRF:185
BRH:0
end_of_record
TN:
SF:src\services\aulas.service.js
FN:23,(anonymous_0)
FN:129,(anonymous_1)
FN:180,(anonymous_2)
FN:233,(anonymous_3)
FN:283,(anonymous_4)
FN:370,(anonymous_5)
FN:483,(anonymous_6)
FN:562,(anonymous_7)
FN:608,(anonymous_8)
FN:653,(anonymous_9)
FNF:10
FNH:0
FNDA:0,(anonymous_0)
FNDA:0,(anonymous_1)
FNDA:0,(anonymous_2)
FNDA:0,(anonymous_3)
FNDA:0,(anonymous_4)
FNDA:0,(anonymous_5)
FNDA:0,(anonymous_6)
FNDA:0,(anonymous_7)
FNDA:0,(anonymous_8)
FNDA:0,(anonymous_9)
DA:7,0
DA:24,0
DA:25,0
DA:26,0
DA:27,0
DA:28,0
DA:35,0
DA:36,0
DA:38,0
DA:39,0
DA:40,0
DA:47,0
DA:48,0
DA:53,0
DA:54,0
DA:55,0
DA:61,0
DA:62,0
DA:64,0
DA:65,0
DA:68,0
DA:69,0
DA:73,0
DA:74,0
DA:75,0
DA:94,0
DA:96,0
DA:116,0
DA:117,0
DA:130,0
DA:131,0
DA:134,0
DA:135,0
DA:140,0
DA:141,0
DA:147,0
DA:149,0
DA:150,0
DA:153,0
DA:167,0
DA:168,0
DA:181,0
DA:182,0
DA:185,0
DA:186,0
DA:187,0
DA:193,0
DA:195,0
DA:196,0
DA:199,0
DA:200,0
DA:203,0
DA:205,0
DA:207,0
DA:218,0
DA:219,0
DA:234,0
DA:235,0
DA:238,0
DA:239,0
DA:240,0
DA:247,0
DA:248,0
DA:249,0
DA:256,0
DA:260,0
DA:261,0
DA:268,0
DA:269,0
DA:274,0
DA:277,0
DA:280,0
DA:281,0
DA:282,0
DA:284,0
DA:289,0
DA:290,0
DA:307,0
DA:313,0
DA:314,0
DA:318,0
DA:319,0
DA:341,0
DA:343,0
DA:356,0
DA:357,0
DA:371,0
DA:372,0
DA:375,0
DA:376,0
DA:377,0
DA:384,0
DA:388,0
DA:389,0
DA:396,0
DA:397,0
DA:402,0
DA:405,0
DA:408,0
DA:411,0
DA:412,0
DA:426,0
DA:428,0
DA:429,0
DA:433,0
DA:434,0
DA:452,0
DA:454,0
DA:470,0
DA:471,0
DA:484,0
DA:485,0
DA:488,0
DA:489,0
DA:501,0
DA:504,0
DA:511,0
DA:512,0
DA:525,0
DA:527,0
DA:528,0
DA:531,0
DA:544,0
DA:545,0
DA:563,0
DA:564,0
DA:565,0
DA:570,0
DA:575,0
DA:577,0
DA:578,0
DA:581,0
DA:590,0
DA:591,0
DA:609,0
DA:610,0
DA:613,0
DA:614,0
DA:615,0
DA:621,0
DA:623,0
DA:624,0
DA:627,0
DA:640,0
DA:641,0
DA:654,0
DA:655,0
DA:657,0
DA:659,0
DA:660,0
DA:663,0
DA:676,0
DA:677,0
LF:153
LH:0
BRDA:27,0,0,0
BRDA:27,0,1,0
BRDA:38,1,0,0
BRDA:38,1,1,0
BRDA:53,2,0,0
BRDA:53,2,1,0
BRDA:64,3,0,0
BRDA:64,3,1,0
BRDA:68,4,0,0
BRDA:68,4,1,0
BRDA:100,5,0,0
BRDA:100,5,1,0
BRDA:129,6,0,0
BRDA:140,7,0,0
BRDA:140,7,1,0
BRDA:149,8,0,0
BRDA:149,8,1,0
BRDA:157,9,0,0
BRDA:157,9,1,0
BRDA:158,10,0,0
BRDA:158,10,1,0
BRDA:186,11,0,0
BRDA:186,11,1,0
BRDA:195,12,0,0
BRDA:195,12,1,0
BRDA:199,13,0,0
BRDA:199,13,1,0
BRDA:199,14,0,0
BRDA:199,14,1,0
BRDA:239,15,0,0
BRDA:239,15,1,0
BRDA:248,16,0,0
BRDA:248,16,1,0
BRDA:260,17,0,0
BRDA:260,17,1,0
BRDA:269,18,0,0
BRDA:269,18,1,0
BRDA:270,19,0,0
BRDA:270,19,1,0
BRDA:270,19,2,0
BRDA:280,20,0,0
BRDA:280,20,1,0
BRDA:280,21,0,0
BRDA:280,21,1,0
BRDA:284,22,0,0
BRDA:284,22,1,0
BRDA:284,22,2,0
BRDA:285,23,0,0
BRDA:285,23,1,0
BRDA:286,24,0,0
BRDA:286,24,1,0
BRDA:289,25,0,0
BRDA:289,25,1,0
BRDA:313,26,0,0
BRDA:313,26,1,0
BRDA:323,27,0,0
BRDA:323,27,1,0
BRDA:324,28,0,0
BRDA:324,28,1,0
BRDA:325,29,0,0
BRDA:325,29,1,0
[...]
FNDA:0,(anonymous_2)
FNDA:0,(anonymous_3)
FNDA:0,(anonymous_4)
FNDA:0,(anonymous_5)
FNDA:0,(anonymous_6)
FNDA:0,(anonymous_7)
FNDA:0,(anonymous_8)
FNDA:0,(anonymous_9)
DA:78,0
DA:79,0
DA:82,0
DA:83,0
DA:91,0
DA:92,0
DA:93,0
DA:94,0
DA:101,0
DA:102,0
DA:104,0
DA:107,0
DA:108,0
DA:109,0
DA:112,0
DA:113,0
DA:116,0
DA:117,0
DA:122,0
DA:123,0
DA:124,0
DA:130,0
DA:131,0
DA:139,0
DA:146,0
DA:165,0
DA:166,0
DA:185,0
DA:186,0
DA:189,0
DA:190,0
DA:191,0
DA:192,0
DA:199,0
DA:204,0
DA:205,0
DA:206,0
DA:213,0
DA:216,0
DA:217,0
DA:220,0
DA:223,0
DA:230,0
DA:263,0
DA:264,0
DA:270,0
DA:271,0
DA:272,0
DA:278,0
DA:279,0
DA:285,0
DA:286,0
DA:304,0
DA:305,0
DA:308,0
DA:312,0
DA:313,0
DA:314,0
DA:320,0
DA:323,0
DA:324,0
DA:326,0
DA:327,0
DA:328,0
DA:335,0
DA:340,0
DA:341,0
DA:342,0
DA:348,0
DA:349,0
DA:359,0
DA:360,0
DA:383,0
DA:384,0
DA:386,0
DA:389,0
DA:393,0
DA:395,0
DA:398,0
DA:401,0
DA:402,0
DA:406,0
DA:411,0
DA:416,0
DA:418,0
DA:421,0
DA:425,0
DA:426,0
DA:427,0
DA:430,0
DA:431,0
DA:434,0
DA:435,0
DA:440,0
DA:441,0
DA:445,0
DA:451,0
DA:454,0
DA:455,0
DA:457,0
DA:458,0
DA:459,0
DA:464,0
DA:465,0
DA:468,0
DA:471,0
DA:473,0
DA:479,0
DA:485,0
DA:486,0
DA:487,0
DA:490,0
DA:493,0
DA:497,0
DA:504,0
DA:506,0
DA:507,0
DA:513,0
DA:530,0
DA:532,0
DA:533,0
DA:536,0
DA:547,0
DA:550,0
DA:551,0
DA:558,0
DA:575,0
DA:576,0
DA:579,0
DA:580,0
DA:581,0
DA:582,0
DA:589,0
DA:591,0
DA:592,0
DA:593,0
DA:596,0
DA:597,0
DA:598,0
DA:601,0
DA:604,0
DA:606,0
DA:612,0
DA:621,0
DA:622,0
DA:640,0
DA:641,0
DA:647,0
DA:648,0
DA:655,0
DA:656,0
DA:657,0
DA:658,0
DA:666,0
DA:667,0
DA:668,0
DA:672,0
DA:679,0
DA:684,0
DA:685,0
DA:686,0
DA:689,0
DA:691,0
DA:700,0
DA:703,0
DA:704,0
DA:710,0
DA:725,0
DA:726,0
DA:733,0
DA:742,0
DA:743,0
DA:762,0
DA:763,0
DA:766,0
DA:771,0
DA:772,0
DA:773,0
DA:780,0
DA:785,0
DA:786,0
DA:787,0
DA:794,0
DA:795,0
DA:796,0
DA:804,0
DA:810,0
DA:812,0
DA:813,0
DA:815,0
DA:823,0
DA:825,0
DA:834,0
DA:835,0
DA:854,0
DA:855,0
DA:858,0
DA:863,0
DA:864,0
DA:865,0
DA:872,0
DA:877,0
DA:878,0
DA:879,0
DA:886,0
DA:891,0
DA:900,0
DA:901,0
LF:208
LH:0
BRDA:82,0,0,0
BRDA:82,0,1,0
BRDA:92,1,0,0
BRDA:92,1,1,0
BRDA:107,2,0,0
BRDA:107,2,1,0
BRDA:122,3,0,0
BRDA:122,3,1,0
BRDA:136,4,0,0
BRDA:136,4,1,0
BRDA:155,5,0,0
BRDA:155,5,1,0
BRDA:190,6,0,0
BRDA:190,6,1,0
BRDA:204,7,0,0
BRDA:204,7,1,0
BRDA:235,8,0,0
BRDA:235,8,1,0
BRDA:270,9,0,0
BRDA:270,9,1,0
BRDA:312,10,0,0
BRDA:312,10,1,0
BRDA:326,11,0,0
BRDA:326,11,1,0
BRDA:340,12,0,0
BRDA:340,12,1,0
BRDA:382,13,0,0
BRDA:386,14,0,0
BRDA:386,14,1,0
BRDA:393,15,0,0
BRDA:393,15,1,0
BRDA:401,16,0,0
BRDA:401,16,1,0
BRDA:416,17,0,0
BRDA:416,17,1,0
BRDA:425,18,0,0
BRDA:425,18,1,0
BRDA:425,19,0,0
BRDA:425,19,1,0
BRDA:440,20,0,0
BRDA:440,20,1,0
BRDA:458,21,0,0
BRDA:458,21,1,0
BRDA:471,22,0,0
BRDA:471,22,1,0
BRDA:485,23,0,0
BRDA:485,23,1,0
BRDA:493,24,0,0
BRDA:493,24,1,0
BRDA:499,25,0,0
BRDA:499,25,1,0
BRDA:506,26,0,0
BRDA:506,26,1,0
BRDA:508,27,0,0
BRDA:508,27,1,0
BRDA:532,28,0,0
BRDA:532,28,1,0
BRDA:550,29,0,0
BRDA:550,29,1,0
BRDA:580,30,0,0
BRDA:580,30,1,0
BRDA:591,31,0,0
BRDA:591,31,1,0
BRDA:596,32,0,0
BRDA:596,32,1,0
BRDA:647,33,0,0
BRDA:647,33,1,0
BRDA:656,34,0,0
BRDA:656,34,1,0
BRDA:667,35,0,0
BRDA:667,35,1,0
BRDA:684,36,0,0
BRDA:684,36,1,0
BRDA:703,37,0,0
BRDA:703,37,1,0
BRDA:771,38,0,0
BRDA:771,38,1,0
BRDA:785,39,0,0
BRDA:785,39,1,0
BRDA:794,40,0,0
BRDA:794,40,1,0
BRDA:863,41,0,0
BRDA:863,41,1,0
BRDA:877,42,0,0
BRDA:877,42,1,0
BRF:85
BRH:0
end_of_record
TN:
SF:src\services\validation.service.js
FN:47,(anonymous_0)
FN:67,(anonymous_1)
FN:89,(anonymous_2)
FN:124,(anonymous_3)
FN:142,(anonymous_4)
FN:164,(anonymous_5)
FN:182,(anonymous_6)
FN:204,(anonymous_7)
FN:222,(anonymous_8)
FN:244,(anonymous_9)
FN:262,(anonymous_10)
FN:280,(anonymous_11)
FN:302,(anonymous_12)
FN:320,(anonymous_13)
FN:342,(anonymous_14)
FN:360,(anonymous_15)
FN:382,(anonymous_16)
FN:400,(anonymous_17)
FN:424,(anonymous_18)
FN:442,(anonymous_19)
FN:464,(anonymous_20)
FN:482,(anonymous_21)
FN:504,(anonymous_22)
FN:522,(anonymous_23)
FN:544,(anonymous_24)
FN:562,(anonymous_25)
FN:584,(anonymous_26)
FN:602,(anonymous_27)
FN:624,(anonymous_28)
FN:642,(anonymous_29)
FN:664,(anonymous_30)
FN:682,(anonymous_31)
FN:710,(anonymous_32)
FN:734,(anonymous_33)
FN:757,(anonymous_34)
FN:779,(anonymous_35)
FN:797,(anonymous_36)
FN:819,(anonymous_37)
FN:837,(anonymous_38)
FN:859,(anonymous_39)
FN:877,(anonymous_40)
FN:899,(anonymous_41)
FN:921,(anonymous_42)
FN:939,(anonymous_43)
FN:961,(anonymous_44)
FN:986,(anonymous_45)
FN:988,(anonymous_46)
FN:996,(anonymous_47)
FN:1013,(anonymous_48)
FN:1015,(anonymous_49)
FN:1024,(anonymous_50)
FN:1038,(anonymous_51)
FN:1059,(anonymous_52)
FNF:53
FNH:0
FNDA:0,(anonymous_0)
FNDA:0,(anonymous_1)
FNDA:0,(anonymous_2)
FNDA:0,(anonymous_3)
FNDA:0,(anonymous_4)
FNDA:0,(anonymous_5)
FNDA:0,(anonymous_6)
FNDA:0,(anonymous_7)
FNDA:0,(anonymous_8)
FNDA:0,(anonymous_9)
FNDA:0,(anonymous_10)
FNDA:0,(anonymous_11)
FNDA:0,(anonymous_12)
FNDA:0,(anonymous_13)
FNDA:0,(anonymous_14)
FNDA:0,(anonymous_15)
FNDA:0,(anonymous_16)
FNDA:0,(anonymous_17)
FNDA:0,(anonymous_18)
FNDA:0,(anonymous_19)
FNDA:0,(anonymous_20)
FNDA:0,(anonymous_21)
FNDA:0,(anonymous_22)
FNDA:0,(anonymous_23)
FNDA:0,(anonymous_24)
FNDA:0,(anonymous_25)
FNDA:0,(anonymous_26)
FNDA:0,(anonymous_27)
FNDA:0,(anonymous_28)
FNDA:0,(anonymous_29)
FNDA:0,(anonymous_30)
FNDA:0,(anonymous_31)
FNDA:0,(anonymous_32)
FNDA:0,(anonymous_33)
FNDA:0,(anonymous_34)
FNDA:0,(anonymous_35)
FNDA:0,(anonymous_36)
FNDA:0,(anonymous_37)
FNDA:0,(anonymous_38)
FNDA:0,(anonymous_39)
FNDA:0,(anonymous_40)
FNDA:0,(anonymous_41)
FNDA:0,(anonymous_42)
FNDA:0,(anonymous_43)
FNDA:0,(anonymous_44)
FNDA:0,(anonymous_45)
FNDA:0,(anonymous_46)
FNDA:0,(anonymous_47)
FNDA:0,(anonymous_48)
FNDA:0,(anonymous_49)
FNDA:0,(anonymous_50)
FNDA:0,(anonymous_51)
FNDA:0,(anonymous_52)
DA:52,0
DA:54,0
DA:55,0
DA:59,0
DA:60,0
DA:63,0
DA:66,0
DA:67,0
DA:68,0
DA:75,0
DA:76,0
DA:79,0
DA:80,0
DA:81,0
DA:84,0
DA:88,0
DA:89,0
DA:97,0
DA:110,0
DA:125,0
DA:126,0
DA:128,0
DA:143,0
DA:144,0
DA:146,0
DA:165,0
DA:166,0
DA:168,0
DA:183,0
DA:184,0
DA:186,0
DA:205,0
DA:206,0
DA:208,0
DA:223,0
DA:224,0
DA:226,0
DA:245,0
DA:246,0
DA:248,0
DA:263,0
DA:264,0
DA:266,0
DA:281,0
DA:282,0
DA:284,0
DA:303,0
DA:304,0
DA:306,0
DA:321,0
DA:322,0
DA:324,0
DA:343,0
DA:344,0
DA:346,0
DA:361,0
DA:362,0
DA:364,0
DA:383,0
DA:384,0
DA:386,0
DA:401,0
DA:404,0
DA:406,0
DA:425,0
DA:426,0
DA:428,0
DA:443,0
DA:444,0
DA:446,0
DA:465,0
DA:466,0
DA:468,0
DA:483,0
DA:484,0
DA:486,0
DA:505,0
DA:506,0
DA:508,0
DA:523,0
DA:524,0
DA:526,0
DA:545,0
DA:546,0
DA:548,0
DA:563,0
DA:564,0
DA:566,0
DA:585,0
DA:586,0
DA:588,0
DA:603,0
DA:604,0
DA:606,0
DA:625,0
DA:626,0
DA:628,0
DA:643,0
DA:644,0
DA:646,0
DA:665,0
DA:666,0
DA:668,0
DA:683,0
DA:684,0
DA:686,0
DA:711,0
DA:712,0
DA:714,0
DA:735,0
DA:736,0
DA:738,0
DA:758,0
DA:759,0
DA:761,0
DA:780,0
DA:781,0
DA:783,0
DA:798,0
DA:799,0
DA:801,0
DA:820,0
DA:821,0
DA:823,0
DA:838,0
DA:839,0
DA:841,0
DA:860,0
DA:861,0
DA:863,0
DA:878,0
DA:879,0
DA:881,0
DA:900,0
DA:901,0
DA:903,0
DA:922,0
DA:923,0
DA:925,0
DA:940,0
DA:941,0
DA:943,0
DA:962,0
DA:963,0
DA:965,0
DA:987,0
DA:988,0
DA:990,0
DA:992,0
DA:996,0
DA:1014,0
DA:1016,0
DA:1018,0
DA:1020,0
DA:1024,0
DA:1039,0
DA:1060,0
DA:1069,0
DA:1070,0
DA:1072,0
LF:160
LH:0
BRDA:47,0,0,0
BRDA:49,1,0,0
BRDA:50,2,0,0
BRDA:51,3,0,0
BRDA:54,4,0,0
BRDA:54,4,1,0
BRDA:59,5,0,0
BRDA:59,5,1,0
BRDA:66,6,0,0
BRDA:66,6,1,0
BRDA:69,7,0,0
BRDA:69,7,1,0
BRDA:70,8,0,0
BRDA:70,8,1,0
BRDA:71,9,0,0
BRDA:71,9,1,0
BRDA:72,10,0,0
BRDA:72,10,1,0
BRDA:75,11,0,0
BRDA:75,11,1,0
BRDA:76,12,0,0
BRDA:76,12,1,0
BRDA:79,13,0,0
BRDA:79,13,1,0
BRDA:88,14,0,0
BRDA:88,14,1,0
BRDA:90,15,0,0
BRDA:90,15,1,0
BRDA:90,16,0,0
BRDA:90,16,1,0
BRDA:91,17,0,0
BRDA:91,17,1,0
BRDA:92,18,0,0
BRDA:92,18,1,0
BRDA:92,19,0,0
BRDA:92,19,1,0
BRDA:99,20,0,0
BRDA:99,20,1,0
BRDA:101,21,0,0
BRDA:101,21,1,0
BRDA:103,22,0,0
BRDA:103,22,1,0
BRDA:104,23,0,0
BRDA:104,23,1,0
BRDA:124,24,0,0
BRDA:130,25,0,0
BRDA:130,25,1,0
BRDA:131,26,0,0
BRDA:131,26,1,0
BRDA:142,27,0,0
BRDA:148,28,0,0
BRDA:148,28,1,0
BRDA:149,29,0,0
BRDA:149,29,1,0
BRDA:164,30,0,0
BRDA:170,31,0,0
BRDA:170,31,1,0
BRDA:171,32,0,0
BRDA:171,32,1,0
BRDA:182,33,0,0
BRDA:188,34,0,0
BRDA:188,34,1,0
BRDA:189,35,0,0
BRDA:189,35,1,0
BRDA:204,36,0,0
BRDA:210,37,0,0
BRDA:210,37,1,0
BRDA:211,38,0,0
BRDA:211,38,1,0
BRDA:222,39,0,0
BRDA:228,40,0,0
BRDA:228,40,1,0
BRDA:229,41,0,0
BRDA:229,41,1,0
BRDA:244,42,0,0
BRDA:250,43,0,0
BRDA:250,43,1,0
BRDA:251,44,0,0
BRDA:251,44,1,0
BRDA:262,45,0,0
BRDA:268,46,0,0
BRDA:268,46,1,0
BRDA:269,47,0,0
BRDA:269,47,1,0
BRDA:280,48,0,0
BRDA:286,49,0,0
BRDA:286,49,1,0
BRDA:287,50,0,0
BRDA:287,50,1,0
BRDA:302,51,0,0
BRDA:308,52,0,0
BRDA:308,52,1,0
BRDA:309,53,0,0
BRDA:309,53,1,0
BRDA:320,54,0,0
BRDA:326,55,0,0
BRDA:326,55,1,0
BRDA:327,56,0,0
BRDA:327,56,1,0
BRDA:342,57,0,0
BRDA:348,58,0,0
BRDA:348,58,1,0
BRDA:349,59,0,0
BRDA:349,59,1,0
BRDA:360,60,0,0
BRDA:366,61,0,0
BRDA:366,61,1,0
BRDA:367,62,0,0
BRDA:367,62,1,0
BRDA:382,63,0,0
BRDA:388,64,0,0
BRDA:388,64,1,0
BRDA:389,65,0,0
BRDA:389,65,1,0
BRDA:400,66,0,0
BRDA:408,67,0,0
BRDA:408,67,1,0
BRDA:409,68,0,0
BRDA:409,68,1,0
BRDA:424,69,0,0
BRDA:430,70,0,0
BRDA:430,70,1,0
BRDA:431,71,0,0
BRDA:431,71,1,0
BRDA:442,72,0,0
BRDA:448,73,0,0
BRDA:448,73,1,0
BRDA:449,74,0,0
BRDA:449,74,1,0
BRDA:464,75,0,0
BRDA:470,76,0,0
BRDA:470,76,1,0
BRDA:471,77,0,0
BRDA:471,77,1,0
BRDA:482,78,0,0
BRDA:488,79,0,0
BRDA:488,79,1,0
BRDA:489,80,0,0
BRDA:489,80,1,0
BRDA:504,81,0,0
BRDA:510,82,0,0
BRDA:510,82,1,0
BRDA:511,83,0,0
BRDA:511,83,1,0
BRDA:522,84,0,0
BRDA:528,85,0,0
BRDA:528,85,1,0
BRDA:529,86,0,0
BRDA:529,86,1,0
BRDA:544,87,0,0
BRDA:550,88,0,0
BRDA:550,88,1,0
BRDA:551,89,0,0
BRDA:551,89,1,0
BRDA:562,90,0,0
BRDA:568,91,0,0
BRDA:568,91,1,0
BRDA:569,92,0,0
BRDA:569,92,1,0
BRDA:584,93,0,0
BRDA:590,94,0,0
BRDA:590,94,1,0
BRDA:591,95,0,0
BRDA:591,95,1,0
BRDA:602,96,0,0
BRDA:608,97,0,0
BRDA:608,97,1,0
BRDA:609,98,0,0
BRDA:609,98,1,0
BRDA:624,99,0,0
BRDA:630,100,0,0
BRDA:630,100,1,0
BRDA:631,101,0,0
BRDA:631,101,1,0
BRDA:642,102,0,0
BRDA:648,103,0,0
BRDA:648,103,1,0
BRDA:649,104,0,0
BRDA:649,104,1,0
BRDA:664,105,0,0
BRDA:670,106,0,0
BRDA:670,106,1,0
BRDA:671,107,0,0
BRDA:671,107,1,0
BRDA:682,108,0,0
BRDA:688,109,0,0
BRDA:688,109,1,0
BRDA:689,110,0,0
BRDA:689,110,1,0
BRDA:710,111,0,0
BRDA:716,112,0,0
BRDA:716,112,1,0
BRDA:717,113,0,0
BRDA:717,113,1,0
BRDA:734,114,0,0
BRDA:740,115,0,0
BRDA:740,115,1,0
BRDA:741,116,0,0
BRDA:741,116,1,0
BRDA:757,117,0,0
BRDA:763,118,0,0
BRDA:763,118,1,0
BRDA:764,119,0,0
BRDA:764,119,1,0
BRDA:779,120,0,0
BRDA:785,121,0,0
BRDA:785,121,1,0
BRDA:786,122,0,0
BRDA:786,122,1,0
BRDA:797,123,0,0
BRDA:803,124,0,0
BRDA:803,124,1,0
BRDA:804,125,0,0
BRDA:804,125,1,0
BRDA:819,126,0,0
BRDA:825,127,0,0
BRDA:825,127,1,0
BRDA:826,128,0,0
BRDA:826,128,1,0
BRDA:837,129,0,0
BRDA:843,130,0,0
BRDA:843,130,1,0
BRDA:844,131,0,0
BRDA:844,131,1,0
BRDA:859,132,0,0
BRDA:865,133,0,0
BRDA:865,133,1,0
BRDA:866,134,0,0
BRDA:866,134,1,0
BRDA:877,135,0,0
BRDA:883,136,0,0
BRDA:883,136,1,0
BRDA:884,137,0,0
BRDA:884,137,1,0
BRDA:899,138,0,0
BRDA:905,139,0,0
BRDA:905,139,1,0
BRDA:906,140,0,0
BRDA:906,140,1,0
BRDA:921,141,0,0
BRDA:927,142,0,0
BRDA:927,142,1,0
BRDA:928,143,0,0
BRDA:928,143,1,0
BRDA:939,144,0,0
BRDA:945,145,0,0
BRDA:945,145,1,0
BRDA:946,146,0,0
BRDA:946,146,1,0
BRDA:961,147,0,0
BRDA:963,148,0,0
BRDA:963,148,1,0
BRDA:967,149,0,0
BRDA:967,149,1,0
BRDA:975,150,0,0
BRDA:975,150,1,0
BRDA:986,151,0,0
BRDA:994,152,0,0
BRDA:994,152,1,0
BRDA:1016,153,0,0
BRDA:1016,153,1,0
BRDA:1016,153,2,0
BRDA:1022,154,0,0
BRDA:1022,154,1,0
BRDA:1059,155,0,0
BRDA:1074,156,0,0
BRDA:1074,156,1,0
BRDA:1075,157,0,0
BRDA:1075,157,1,0
BRF:269
BRH:0
end_of_record
TN:
SF:src\utils\FormatterResponseController.js
FN:17,(anonymous_0)
FN:79,(anonymous_1)
FN:227,(anonymous_2)
FN:273,(anonymous_3)
FN:277,(anonymous_4)
FN:286,(anonymous_5)
FN:305,(anonymous_6)
FN:344,(anonymous_7)
FN:379,(anonymous_8)
FN:405,(anonymous_9)
FN:431,(anonymous_10)
FN:455,(anonymous_11)
FNF:12
FNH:0
FNDA:0,(anonymous_0)
FNDA:0,(anonymous_1)
FNDA:0,(anonymous_2)
FNDA:0,(anonymous_3)
FNDA:0,(anonymous_4)
FNDA:0,(anonymous_5)
FNDA:0,(anonymous_6)
FNDA:0,(anonymous_7)
FNDA:0,(anonymous_8)
FNDA:0,(anonymous_9)
FNDA:0,(anonymous_10)
FNDA:0,(anonymous_11)
DA:18,0
DA:19,0
DA:27,0
DA:29,0
DA:41,0
DA:42,0
DA:46,0
DA:54,0
DA:56,0
DA:62,0
DA:80,0
DA:83,0
DA:96,0
DA:97,0
DA:106,0
DA:110,0
DA:114,0
DA:116,0
DA:124,0
DA:128,0
DA:129,0
DA:135,0
DA:152,0
DA:153,0
DA:162,0
DA:172,0
DA:176,0
DA:178,0
DA:182,0
DA:190,0
DA:198,0
DA:200,0
DA:207,0
DA:228,0
DA:230,0
DA:232,0
DA:233,0
DA:234,0
DA:235,0
DA:236,0
DA:237,0
DA:238,0
DA:239,0
DA:242,0
DA:254,0
DA:263,0
DA:274,0
DA:276,0
DA:277,0
DA:285,0
DA:286,0
DA:294,0
DA:306,0
DA:307,0
DA:308,0
DA:309,0
DA:316,0
DA:317,0
DA:319,0
DA:322,0
DA:327,0
DA:345,0
DA:346,0
DA:348,0
DA:349,0
DA:350,0
DA:357,0
DA:358,0
DA:360,0
DA:362,0
DA:366,0
DA:380,0
DA:386,0
DA:406,0
DA:412,0
DA:432,0
DA:445,0
DA:456,0
DA:465,0
LF:79
LH:0
BRDA:19,0,0,0
BRDA:19,1,0,0
BRDA:19,2,0,0
BRDA:31,3,0,0
BRDA:31,3,1,0
BRDA:32,4,0,0
BRDA:32,4,1,0
BRDA:32,4,2,0
BRDA:33,5,0,0
BRDA:33,5,1,0
BRDA:35,6,0,0
BRDA:35,6,1,0
BRDA:41,7,0,0
BRDA:41,7,1,0
BRDA:83,8,0,0
BRDA:83,8,1,0
BRDA:83,8,2,0
BRDA:83,8,3,0
BRDA:83,8,4,0
BRDA:83,8,5,0
BRDA:83,8,6,0
BRDA:83,8,7,0
BRDA:83,8,8,0
BRDA:83,8,9,0
BRDA:83,8,10,0
BRDA:83,8,11,0
BRDA:83,8,12,0
BRDA:96,9,0,0
BRDA:96,9,1,0
BRDA:106,10,0,0
BRDA:106,10,1,0
BRDA:107,11,0,0
BRDA:107,11,1,0
BRDA:114,12,0,0
BRDA:114,12,1,0
BRDA:119,13,0,0
BRDA:119,13,1,0
BRDA:120,14,0,0
BRDA:120,14,1,0
BRDA:121,15,0,0
BRDA:121,15,1,0
BRDA:128,16,0,0
BRDA:128,16,1,0
BRDA:143,17,0,0
BRDA:143,17,1,0
BRDA:152,18,0,0
BRDA:152,18,1,0
BRDA:152,19,0,0
BRDA:152,19,1,0
BRDA:168,20,0,0
BRDA:168,20,1,0
BRDA:178,21,0,0
BRDA:178,21,1,0
BRDA:178,21,2,0
BRDA:193,22,0,0
BRDA:193,22,1,0
BRDA:194,23,0,0
BRDA:194,23,1,0
BRDA:228,24,0,0
BRDA:228,24,1,0
BRDA:232,25,0,0
BRDA:232,25,1,0
BRDA:234,26,0,0
BRDA:234,26,1,0
BRDA:236,27,0,0
BRDA:236,27,1,0
BRDA:238,28,0,0
BRDA:238,28,1,0
BRDA:245,29,0,0
BRDA:245,29,1,0
BRDA:246,30,0,0
BRDA:246,30,1,0
BRDA:274,31,0,0
BRDA:274,31,1,0
BRDA:276,32,0,0
BRDA:276,32,1,0
BRDA:278,33,0,0
BRDA:278,33,1,0
BRDA:278,33,2,0
BRDA:279,34,0,0
BRDA:279,34,1,0
BRDA:280,35,0,0
BRDA:280,35,1,0
BRDA:281,36,0,0
BRDA:281,36,1,0
BRDA:285,37,0,0
BRDA:285,37,1,0
BRDA:288,38,0,0
BRDA:288,38,1,0
BRDA:288,38,2,0
BRDA:289,39,0,0
BRDA:289,39,1,0
BRDA:290,40,0,0
BRDA:290,40,1,0
BRDA:307,41,0,0
BRDA:307,41,1,0
BRDA:316,42,0,0
BRDA:316,42,1,0
BRDA:348,43,0,0
BRDA:348,43,1,0
BRDA:348,44,0,0
BRDA:348,44,1,0
BRDA:357,45,0,0
BRDA:357,45,1,0
BRDA:379,46,0,0
BRDA:389,47,0,0
BRDA:389,47,1,0
BRDA:405,48,0,0
BRDA:407,49,0,0
BRDA:407,49,1,0
BRDA:415,50,0,0
BRDA:415,50,1,0
BRDA:445,51,0,0
BRDA:445,51,1,0
BRDA:465,52,0,0
BRDA:465,52,1,0
BRF:116
BRH:0
end_of_record
TN:
SF:src\utils\FormatterResponseModel.js
FN:15,(anonymous_0)
FN:39,(anonymous_1)
FN:126,(anonymous_2)
FN:151,(anonymous_3)
FNF:4
FNH:0
FNDA:0,(anonymous_0)
FNDA:0,(anonymous_1)
FNDA:0,(anonymous_2)
FNDA:0,(anonymous_3)
DA:16,0
DA:17,0
DA:18,0
DA:22,0
DA:25,0
DA:27,0
DA:40,0
DA:41,0
DA:43,0
DA:44,0
DA:61,0
DA:66,0
DA:84,0
DA:96,0
DA:99,0
DA:127,0
DA:128,0
DA:137,0
DA:152,0
DA:153,0
DA:155,0
DA:156,0
DA:157,0
DA:158,0
DA:161,0
DA:169,0
LF:26
LH:0
BRDA:17,0,0,0
BRDA:17,0,1,0
BRDA:17,1,0,0
BRDA:17,1,1,0
BRDA:17,1,2,0
BRDA:22,2,0,0
BRDA:22,2,1,0
BRDA:25,3,0,0
BRDA:25,3,1,0
BRDA:39,4,0,0
BRDA:39,5,0,0
BRDA:41,6,0,0
BRDA:41,6,1,0
BRDA:43,7,0,0
BRDA:43,7,1,0
BRDA:43,8,0,0
BRDA:43,8,1,0
BRDA:45,9,0,0
BRDA:45,9,1,0
BRDA:45,9,2,0
BRDA:47,10,0,0
BRDA:47,10,1,0
BRDA:48,11,0,0
BRDA:48,11,1,0
BRDA:51,12,0,0
BRDA:51,12,1,0
BRDA:51,12,2,0
BRDA:54,13,0,0
BRDA:54,13,1,0
BRDA:54,13,2,0
BRDA:61,14,0,0
BRDA:61,14,1,0
BRDA:62,15,0,0
BRDA:62,15,1,0
BRDA:85,16,0,0
BRDA:85,16,1,0
BRDA:88,17,0,0
BRDA:88,17,1,0
BRDA:90,18,0,0
BRDA:90,18,1,0
BRDA:91,19,0,0
BRDA:91,19,1,0
BRDA:109,20,0,0
BRDA:109,20,1,0
BRDA:126,21,0,0
BRDA:126,22,0,0
BRDA:129,23,0,0
BRDA:129,23,1,0
BRDA:130,24,0,0
BRDA:130,24,1,0
BRDA:133,25,0,0
BRDA:133,25,1,0
BRDA:134,26,0,0
BRDA:134,26,1,0
BRDA:151,27,0,0
BRDA:155,28,0,0
BRDA:155,28,1,0
BRDA:157,29,0,0
BRDA:157,29,1,0
BRDA:162,30,0,0
BRDA:162,30,1,0
BRDA:165,31,0,0
BRDA:165,31,1,0
BRF:63
BRH:0
end_of_record
TN:
SF:src\utils\FormatterResponseService.js
FN:16,(anonymous_0)
FN:38,(anonymous_1)
FN:62,(anonymous_2)
FN:101,(anonymous_3)
FN:131,(anonymous_4)
FN:153,(anonymous_5)
FN:173,(anonymous_6)
FN:189,(anonymous_7)
FN:206,(anonymous_8)
FN:224,(anonymous_9)
FN:252,(anonymous_10)
FN:263,(anonymous_11)
FN:274,(anonymous_12)
FN:285,(anonymous_13)
FNF:14
FNH:0
FNDA:0,(anonymous_0)
FNDA:0,(anonymous_1)
FNDA:0,(anonymous_2)
FNDA:0,(anonymous_3)
FNDA:0,(anonymous_4)
FNDA:0,(anonymous_5)
FNDA:0,(anonymous_6)
FNDA:0,(anonymous_7)
FNDA:0,(anonymous_8)
FNDA:0,(anonymous_9)
FNDA:0,(anonymous_10)
FNDA:0,(anonymous_11)
FNDA:0,(anonymous_12)
FNDA:0,(anonymous_13)
DA:17,0
DA:43,0
DA:48,0
DA:69,0
DA:70,0
DA:71,0
DA:73,0
DA:87,0
DA:108,0
DA:120,0
DA:132,0
DA:136,0
DA:154,0
DA:163,0
DA:174,0
DA:190,0
DA:207,0
DA:225,0
DA:226,0
DA:238,0
DA:253,0
DA:264,0
DA:275,0
DA:286,0
LF:24
LH:0
BRDA:16,0,0,0
BRDA:16,1,0,0
BRDA:16,2,0,0
BRDA:19,3,0,0
BRDA:19,3,1,0
BRDA:39,4,0,0
BRDA:40,5,0,0
BRDA:41,6,0,0
BRDA:45,7,0,0
BRDA:45,7,1,0
BRDA:67,8,0,0
BRDA:82,9,0,0
BRDA:82,9,1,0
BRDA:83,10,0,0
BRDA:83,10,1,0
BRDA:104,11,0,0
BRDA:105,12,0,0
BRDA:106,13,0,0
BRDA:131,14,0,0
BRDA:131,15,0,0
BRDA:132,16,0,0
BRDA:132,16,1,0
BRDA:153,17,0,0
BRDA:173,18,0,0
BRDA:189,19,0,0
BRDA:206,20,0,0
BRDA:225,21,0,0
BRDA:225,21,1,0
BRDA:227,22,0,0
BRDA:227,22,1,0
BRDA:229,23,0,0
BRDA:229,23,1,0
BRDA:253,24,0,0
BRDA:253,24,1,0
BRDA:264,25,0,0
BRDA:264,25,1,0
BRDA:275,26,0,0
BRDA:275,26,1,0
BRDA:286,27,0,0
BRDA:286,27,1,0
BRF:40
BRH:0
end_of_record
TN:
SF:src\utils\encrypted.js
FN:20,generarPassword
FN:34,hashPassword
FN:55,comparePassword
FNF:3
FNH:0
FNDA:0,generarPassword
FNDA:0,hashPassword
FNDA:0,comparePassword
DA:21,0
DA:22,0
DA:35,0
DA:36,0
DA:37,0
DA:38,0
DA:40,0
DA:41,0
DA:56,0
DA:57,0
DA:58,0
DA:60,0
DA:61,0
LF:13
LH:0
BRDA:20,0,0,0
BRF:1
BRH:0
end_of_record
TN:
SF:src\utils\utilis.js
FN:14,loadEnv
FN:38,asegurarStringEnMinusculas
FN:55,(anonymous_2)
FN:79,convertToPostgresArray
FN:111,(anonymous_4)
FN:124,getCookie
FN:128,(anonymous_6)
FN:134,(anonymous_7)
FN:142,(anonymous_8)
FN:174,(anonymous_9)
FN:183,(anonymous_10)
FN:187,(anonymous_11)
FN:200,verificarConexionInternet
FN:213,(anonymous_13)
FN:214,(anonymous_14)
FN:215,(anonymous_15)
FN:216,(anonymous_16)
FNF:17
FNH:0
FNDA:0,loadEnv
FNDA:0,asegurarStringEnMinusculas
FNDA:0,(anonymous_2)
FNDA:0,convertToPostgresArray
FNDA:0,(anonymous_4)
FNDA:0,getCookie
FNDA:0,(anonymous_6)
FNDA:0,(anonymous_7)
FNDA:0,(anonymous_8)
FNDA:0,(anonymous_9)
FNDA:0,(anonymous_10)
FNDA:0,(anonymous_11)
FNDA:0,verificarConexionInternet
FNDA:0,(anonymous_13)
FNDA:0,(anonymous_14)
FNDA:0,(anonymous_15)
FNDA:0,(anonymous_16)
DA:15,0
DA:16,0
DA:18,0
DA:19,0
DA:22,0
DA:24,0
DA:25,0
DA:26,0
DA:39,0
DA:40,0
DA:55,0
DA:56,0
DA:58,0
DA:60,0
DA:61,0
DA:65,0
DA:66,0
DA:67,0
DA:68,0
DA:72,0
DA:74,0
DA:75,0
DA:80,0
DA:81,0
DA:83,0
DA:88,0
DA:89,0
DA:92,0
DA:93,0
DA:94,0
DA:96,0
DA:97,0
DA:102,0
DA:106,0
DA:107,0
DA:111,0
DA:112,0
DA:113,0
DA:125,0
DA:127,0
DA:128,0
DA:130,0
DA:133,0
DA:135,0
DA:136,0
DA:137,0
DA:138,0
DA:139,0
DA:143,0
DA:151,0
DA:175,0
DA:176,0
DA:177,0
DA:178,0
DA:179,0
DA:180,0
DA:184,0
DA:188,0
DA:189,0
DA:190,0
DA:201,0
DA:203,0
DA:204,0
DA:206,0
DA:207,0
DA:212,0
DA:213,0
DA:214,0
DA:215,0
DA:217,0
DA:218,0
LF:71
LH:0
BRDA:18,0,0,0
BRDA:18,0,1,0
BRDA:24,1,0,0
BRDA:24,1,1,0
BRDA:39,2,0,0
BRDA:39,2,1,0
BRDA:56,3,0,0
BRDA:56,3,1,0
BRDA:60,4,0,0
BRDA:60,4,1,0
BRDA:65,5,0,0
BRDA:65,5,1,0
BRDA:68,6,0,0
BRDA:68,6,1,0
BRDA:83,7,0,0
BRDA:83,7,1,0
BRDA:88,8,0,0
BRDA:88,8,1,0
BRDA:92,9,0,0
BRDA:92,9,1,0
BRDA:106,10,0,0
BRDA:106,10,1,0
BRDA:106,11,0,0
BRDA:106,11,1,0
BRDA:125,12,0,0
BRDA:125,12,1,0
BRDA:130,13,0,0
BRDA:130,13,1,0
BRDA:137,14,0,0
BRDA:137,14,1,0
BRDA:138,15,0,0
BRDA:138,15,1,0
BRDA:138,16,0,0
BRDA:138,16,1,0
BRDA:151,17,0,0
BRDA:151,17,1,0
BRDA:217,18,0,0
BRDA:217,18,1,0
BRF:38
BRH:0
end_of_record
